<?xml version="1.0" encoding="utf-8"?><testsuites name="pytest tests"><testsuite name="pytest" errors="0" failures="0" skipped="0" tests="8" time="87.547" timestamp="2026-06-26T16:02:54.162540+00:00" hostname="agent-env-857aff2e-26d2-4e70-b1c5-49b94335bbc7"><testcase classname="backend.tests.test_career_module.TestPipeline" name="test_pipeline_shape_and_counts" time="0.803" /><testcase classname="backend.tests.test_career_module.TestJobApplicationsList" name="test_list_has_enriched_fields" time="0.108" /><testcase classname="backend.tests.test_career_module.TestUpdateApplication" name="test_update_status_notes_and_followup" time="0.348" /><testcase classname="backend.tests.test_career_module.TestUpdateApplication" name="test_update_bogus_id_returns_404" time="0.138" /><testcase classname="backend.tests.test_career_module.TestResumeAnalyze" name="test_resume_analyze_real_claude" time="13.886" /><testcase classname="backend.tests.test_career_module.TestGenerate" name="test_generate_resume_and_cover" time="25.957" /><testcase classname="backend.tests.test_career_module.TestGenerate" name="test_generate_persists_to_application" time="25.708" /><testcase classname="backend.tests.test_career_module.TestPathAdvisor" name="test_path_advisor_returns_3_paths" time="20.512" /></testsuite></testsuites>