<?xml version="1.0" encoding="utf-8"?><testsuites name="pytest tests"><testsuite name="pytest" errors="0" failures="0" skipped="0" tests="8" time="45.139" timestamp="2026-06-26T14:49:39.219248+00:00" hostname="agent-env-857aff2e-26d2-4e70-b1c5-49b94335bbc7"><testcase classname="backend.tests.test_dashboard_alerts_ai" name="test_dashboard_has_new_fields" time="0.626" /><testcase classname="backend.tests.test_dashboard_alerts_ai" name="test_alerts_endpoint_shape" time="0.064" /><testcase classname="backend.tests.test_dashboard_alerts_ai" name="test_alerts_includes_seeded_signals" time="0.054" /><testcase classname="backend.tests.test_dashboard_alerts_ai" name="test_alerts_requires_auth" time="0.100" /><testcase classname="backend.tests.test_dashboard_alerts_ai" name="test_daily_advice_basic" time="9.529" /><testcase classname="backend.tests.test_dashboard_alerts_ai" name="test_daily_advice_caching" time="11.701" /><testcase classname="backend.tests.test_dashboard_alerts_ai" name="test_daily_advice_deep" time="22.940" /><testcase classname="backend.tests.test_dashboard_alerts_ai" name="test_daily_advice_requires_auth" time="0.043" /></testsuite></testsuites>