<?xml version="1.0" encoding="utf-8"?><testsuites name="pytest tests"><testsuite name="pytest" errors="0" failures="0" skipped="0" tests="12" time="11.291" timestamp="2026-06-26T15:17:58.333188+00:00" hostname="agent-env-857aff2e-26d2-4e70-b1c5-49b94335bbc7"><testcase classname="backend.tests.test_finance_v3" name="test_list_income" time="0.553" /><testcase classname="backend.tests.test_finance_v3" name="test_list_expenses" time="0.047" /><testcase classname="backend.tests.test_finance_v3" name="test_list_debts" time="0.046" /><testcase classname="backend.tests.test_finance_v3" name="test_put_income_updates" time="0.134" /><testcase classname="backend.tests.test_finance_v3" name="test_put_expense_updates" time="0.092" /><testcase classname="backend.tests.test_finance_v3" name="test_put_debt_updates" time="0.093" /><testcase classname="backend.tests.test_finance_v3" name="test_put_invalid_id_returns_404" time="0.131" /><testcase classname="backend.tests.test_finance_v3" name="test_payoff_plan_baseline_no_savings" time="0.058" /><testcase classname="backend.tests.test_finance_v3" name="test_payoff_plan_avalanche_orders_by_apr" time="0.050" /><testcase classname="backend.tests.test_finance_v3" name="test_payoff_plan_snowball_orders_by_balance" time="0.051" /><testcase classname="backend.tests.test_finance_v3" name="test_ai_debt_strategy" time="5.577" /><testcase classname="backend.tests.test_finance_v3" name="test_mortgage_scenarios" time="4.374" /></testsuite></testsuites>