<?xml version="1.0" encoding="utf-8"?><testsuites name="pytest tests"><testsuite name="pytest" errors="0" failures="1" skipped="0" tests="25" time="27.936" timestamp="2026-06-26T19:01:30.883610+00:00" hostname="agent-env-857aff2e-26d2-4e70-b1c5-49b94335bbc7"><testcase classname="backend.tests.test_global_module" name="test_languages" time="0.606" /><testcase classname="backend.tests.test_global_module" name="test_phrase_book" time="0.109" /><testcase classname="backend.tests.test_global_module" name="test_translate_validation_empty_text" time="0.090" /><testcase classname="backend.tests.test_global_module" name="test_translate_validation_bad_target" time="0.134" /><testcase classname="backend.tests.test_global_module" name="test_translate_explicit_source" time="2.310" /><testcase classname="backend.tests.test_global_module" name="test_translate_auto_detect" time="2.929" /><testcase classname="backend.tests.test_global_module" name="test_detect_language" time="1.640" /><testcase classname="backend.tests.test_global_module" name="test_translations_history_listing" time="0.095" /><testcase classname="backend.tests.test_global_module" name="test_translations_clear" time="0.129" /><testcase classname="backend.tests.test_global_module" name="test_currencies" time="0.049" /><testcase classname="backend.tests.test_global_module" name="test_rates_live_or_fallback" time="0.211" /><testcase classname="backend.tests.test_global_module" name="test_rate_history_seeded" time="0.046" /><testcase classname="backend.tests.test_global_module" name="test_alerts_seeded_two" time="0.051" /><testcase classname="backend.tests.test_global_module" name="test_alert_create_validation_bad_direction" time="0.049" /><testcase classname="backend.tests.test_global_module" name="test_alert_create_validation_bad_target" time="0.042" /><testcase classname="backend.tests.test_global_module" name="test_alert_crud_flow" time="0.259" /><testcase classname="backend.tests.test_global_module" name="test_alerts_check_triggers_usd_php" time="0.139"><failure message="AssertionError: Internal Server Error&#10;assert 500 == 200&#10; +  where 500 = &lt;Response [500]&gt;.status_code">backend/tests/test_global_module.py:276: in test_alerts_check_triggers_usd_php
    assert r.status_code == 200, r.text
E   AssertionError: Internal Server Error
E   assert 500 == 200
E    +  where 500 = &lt;Response [500]&gt;.status_code</failure></testcase><testcase classname="backend.tests.test_global_module" name="test_money_tips_static_default" time="0.154" /><testcase classname="backend.tests.test_global_module" name="test_money_tips_refresh" time="18.477" /><testcase classname="backend.tests.test_global_module" name="test_endpoints_require_auth[get-/global/translations]" time="0.046" /><testcase classname="backend.tests.test_global_module" name="test_endpoints_require_auth[get-/global/rates]" time="0.047" /><testcase classname="backend.tests.test_global_module" name="test_endpoints_require_auth[get-/global/rate-history]" time="0.047" /><testcase classname="backend.tests.test_global_module" name="test_endpoints_require_auth[get-/global/alerts]" time="0.047" /><testcase classname="backend.tests.test_global_module" name="test_endpoints_require_auth[post-/global/translate]" time="0.047" /><testcase classname="backend.tests.test_global_module" name="test_endpoints_require_auth[post-/global/alerts/check]" time="0.047" /></testsuite></testsuites>