<?xml version="1.0" encoding="utf-8"?><testsuites name="pytest tests"><testsuite name="pytest" errors="0" failures="0" skipped="0" tests="17" time="10.520" timestamp="2026-06-26T17:13:43.365903+00:00" hostname="agent-env-857aff2e-26d2-4e70-b1c5-49b94335bbc7"><testcase classname="backend.tests.test_investments_module.TestAuth" name="test_login_returns_jwt" time="0.345" /><testcase classname="backend.tests.test_investments_module.TestInvestmentsPortfolio" name="test_portfolio_shape" time="0.428" /><testcase classname="backend.tests.test_investments_module.TestReadinessGate" name="test_readiness_gate_shape" time="0.098" /><testcase classname="backend.tests.test_investments_module.TestOpportunities" name="test_opportunities_ranked" time="0.135" /><testcase classname="backend.tests.test_investments_module.TestMarketReadiness" name="test_market_readiness_shape" time="0.107" /><testcase classname="backend.tests.test_investments_module.TestSocialSecurity" name="test_social_security_estimates" time="0.095" /><testcase classname="backend.tests.test_investments_module.TestContributionOptimizer" name="test_contribution_optimizer" time="8.178" /><testcase classname="backend.tests.test_investments_module.TestRegressionCore" name="test_dashboard" time="0.122" /><testcase classname="backend.tests.test_investments_module.TestRegressionCore" name="test_alerts" time="0.134" /><testcase classname="backend.tests.test_investments_module.TestRegressionCore" name="test_daily_advice" time="0.109" /><testcase classname="backend.tests.test_investments_module.TestRegressionFinanceCareer" name="test_income_list" time="0.100" /><testcase classname="backend.tests.test_investments_module.TestRegressionFinanceCareer" name="test_expenses_list" time="0.094" /><testcase classname="backend.tests.test_investments_module.TestRegressionFinanceCareer" name="test_debts_list" time="0.095" /><testcase classname="backend.tests.test_investments_module.TestRegressionFinanceCareer" name="test_payoff_plan" time="0.117" /><testcase classname="backend.tests.test_investments_module.TestRegressionFinanceCareer" name="test_career_profile" time="0.095" /><testcase classname="backend.tests.test_investments_module.TestRegressionFinanceCareer" name="test_career_pipeline" time="0.092" /><testcase classname="backend.tests.test_investments_module.TestRegressionFinanceCareer" name="test_job_applications" time="0.109" /></testsuite></testsuites>