<?xml version="1.0" encoding="utf-8"?><testsuites name="pytest tests"><testsuite name="pytest" errors="0" failures="0" skipped="0" tests="14" time="5.330" timestamp="2026-06-26T17:13:31.522106+00:00" hostname="agent-env-857aff2e-26d2-4e70-b1c5-49b94335bbc7"><testcase classname="backend.tests.test_investments_crud.TestAuthFlat" name="test_login_flat_shape" time="0.949" /><testcase classname="backend.tests.test_investments_crud.TestInvestmentCreateValidation" name="test_post_rejects_negative_balance" time="0.105" /><testcase classname="backend.tests.test_investments_crud.TestInvestmentCreateValidation" name="test_post_rejects_negative_contribution" time="0.096" /><testcase classname="backend.tests.test_investments_crud.TestInvestmentCreateValidation" name="test_post_extended_fields_persist" time="0.337" /><testcase classname="backend.tests.test_investments_crud.TestInvestmentUpdate" name="test_put_updates_all_new_fields" time="0.501" /><testcase classname="backend.tests.test_investments_crud.TestInvestmentUpdate" name="test_put_rejects_negative_balance" time="0.367" /><testcase classname="backend.tests.test_investments_crud.TestInvestmentUpdate" name="test_put_rejects_negative_contribution" time="0.304" /><testcase classname="backend.tests.test_investments_crud.TestInvestmentUpdate" name="test_put_returns_404_when_not_found" time="0.093" /><testcase classname="backend.tests.test_investments_crud.TestInvestmentDelete" name="test_delete_removes_account_and_updates_portfolio" time="0.624" /><testcase classname="backend.tests.test_investments_crud.TestPensionAndGrowthOverride" name="test_pension_account_projects_with_default_zero_growth" time="0.299" /><testcase classname="backend.tests.test_investments_crud.TestPensionAndGrowthOverride" name="test_growth_rate_override_used_when_set" time="0.306" /><testcase classname="backend.tests.test_investments_crud.TestPensionAndGrowthOverride" name="test_default_growth_rate_falls_back_when_override_absent" time="0.369" /><testcase classname="backend.tests.test_investments_crud.TestInvestmentSummary" name="test_summary_shape" time="0.372" /><testcase classname="backend.tests.test_investments_crud.TestInvestmentSummary" name="test_summary_consistent_with_portfolio" time="0.511" /></testsuite></testsuites>