<?xml version="1.0" encoding="utf-8"?><testsuites name="pytest tests"><testsuite name="pytest" errors="0" failures="1" skipped="0" tests="29" time="53.324" timestamp="2026-06-27T03:08:22.325352+00:00" hostname="agent-env-857aff2e-26d2-4e70-b1c5-49b94335bbc7"><testcase classname="backend.tests.test_iteration_16_health_legal.TestHealthInsurance" name="test_01_get_insurance_default_medicaid" time="0.587"><failure message="AssertionError: assert None is not None&#10; +  where None = &lt;built-in method get of dict object at 0xf93fa4527b00&gt;('monthly_income_usd')&#10; +    where &lt;built-in method get of dict object at 0xf93fa4527b00&gt; = {'coverage_type': 'Medicaid', 'plan_name': 'Georgia Medicaid', 'provider': 'Georgia Department of Community Health', 'policy_number': None, ...}.get">backend/tests/test_iteration_16_health_legal.py:49: in test_01_get_insurance_default_medicaid
    assert ins.get("monthly_income_usd") is not None
E   AssertionError: assert None is not None
E    +  where None = &lt;built-in method get of dict object at 0xf93fa4527b00&gt;('monthly_income_usd')
E    +    where &lt;built-in method get of dict object at 0xf93fa4527b00&gt; = {'coverage_type': 'Medicaid', 'plan_name': 'Georgia Medicaid', 'provider': 'Georgia Department of Community Health', 'policy_number': None, ...}.get</failure></testcase><testcase classname="backend.tests.test_iteration_16_health_legal.TestHealthInsurance" name="test_02_put_insurance_income_2500_over" time="0.057" /><testcase classname="backend.tests.test_iteration_16_health_legal.TestHealthInsurance" name="test_03_put_insurance_income_1500_ok" time="0.052" /><testcase classname="backend.tests.test_iteration_16_health_legal.TestHealthInsurance" name="test_04_put_insurance_approaching" time="0.053" /><testcase classname="backend.tests.test_iteration_16_health_legal.TestHealthMedicaidResources" name="test_05_medicaid_resources" time="0.052" /><testcase classname="backend.tests.test_iteration_16_health_legal.TestHealthWellness" name="test_06_post_wellness_today" time="0.083" /><testcase classname="backend.tests.test_iteration_16_health_legal.TestHealthWellness" name="test_07_get_wellness_returns_today" time="0.047" /><testcase classname="backend.tests.test_iteration_16_health_legal.TestHealthWellness" name="test_08_post_wellness_upsert_same_day" time="0.103" /><testcase classname="backend.tests.test_iteration_16_health_legal.TestHealthMedications" name="test_09_create_med" time="0.073" /><testcase classname="backend.tests.test_iteration_16_health_legal.TestHealthMedications" name="test_10_list_med" time="0.053" /><testcase classname="backend.tests.test_iteration_16_health_legal.TestHealthMedications" name="test_11_update_med" time="0.052" /><testcase classname="backend.tests.test_iteration_16_health_legal.TestHealthMedications" name="test_12_delete_med" time="0.103" /><testcase classname="backend.tests.test_iteration_16_health_legal.TestHealthAppointments" name="test_13_create_appt" time="0.072" /><testcase classname="backend.tests.test_iteration_16_health_legal.TestHealthAppointments" name="test_14_list_appt_days_until" time="0.057" /><testcase classname="backend.tests.test_iteration_16_health_legal.TestHealthAppointments" name="test_15_update_appt" time="0.049" /><testcase classname="backend.tests.test_iteration_16_health_legal.TestHealthAppointments" name="test_16_delete_appt" time="0.048" /><testcase classname="backend.tests.test_iteration_16_health_legal.TestHealthInsights" name="test_17_insights_after_checkin" time="7.220" /><testcase classname="backend.tests.test_iteration_16_health_legal.TestLegalCategories" name="test_18_categories_9_with_disclaimer" time="0.058" /><testcase classname="backend.tests.test_iteration_16_health_legal.TestLegalTopic" name="test_19_topic_first_call_not_cached" time="21.582" /><testcase classname="backend.tests.test_iteration_16_health_legal.TestLegalTopic" name="test_20_topic_second_call_cached" time="0.050" /><testcase classname="backend.tests.test_iteration_16_health_legal.TestLegalTopic" name="test_21_topic_force_refresh_regenerates" time="22.185" /><testcase classname="backend.tests.test_iteration_16_health_legal.TestLegalTopic" name="test_22_topic_unknown_404" time="0.048" /><testcase classname="backend.tests.test_iteration_16_health_legal.TestLegalDocuments" name="test_23_first_get_seeds_5_defaults" time="0.078" /><testcase classname="backend.tests.test_iteration_16_health_legal.TestLegalDocuments" name="test_24_create_custom_doc" time="0.054" /><testcase classname="backend.tests.test_iteration_16_health_legal.TestLegalDocuments" name="test_25_subsequent_get_includes_custom" time="0.049" /><testcase classname="backend.tests.test_iteration_16_health_legal.TestLegalDocuments" name="test_26_update_default_preserves_custom_false" time="0.051" /><testcase classname="backend.tests.test_iteration_16_health_legal.TestLegalDocuments" name="test_27_delete_custom_doc_ok" time="0.054" /><testcase classname="backend.tests.test_iteration_16_health_legal.TestLegalDocuments" name="test_28_delete_default_doc_400" time="0.050" /><testcase classname="backend.tests.test_iteration_16_health_legal.TestLegalDebtRights" name="test_29_debt_rights_all_sections" time="0.047" /></testsuite></testsuites>