<?xml version="1.0" encoding="utf-8"?><testsuites name="pytest tests"><testsuite name="pytest" errors="0" failures="0" skipped="0" tests="18" time="2.651" timestamp="2026-06-26T20:53:28.662144+00:00" hostname="agent-env-857aff2e-26d2-4e70-b1c5-49b94335bbc7"><testcase classname="backend.tests.test_iteration_13_travel.TestAdvisories" name="test_list_advisories_30_entries" time="0.233" /><testcase classname="backend.tests.test_iteration_13_travel.TestAdvisories" name="test_advisory_ph_cached" time="0.096" /><testcase classname="backend.tests.test_iteration_13_travel.TestAdvisories" name="test_advisory_unknown_country_not_cached" time="0.103" /><testcase classname="backend.tests.test_iteration_13_travel.TestDealsFlightsHotels" name="test_deals_mocked" time="0.146" /><testcase classname="backend.tests.test_iteration_13_travel.TestDealsFlightsHotels" name="test_flights_atl_mnl" time="0.121" /><testcase classname="backend.tests.test_iteration_13_travel.TestDealsFlightsHotels" name="test_hotels_manila" time="0.133" /><testcase classname="backend.tests.test_iteration_13_travel.TestPhilippinesTemplate" name="test_ph_template" time="0.585" /><testcase classname="backend.tests.test_iteration_13_travel.TestInsights" name="test_ph_insights_fast_path" time="0.043" /><testcase classname="backend.tests.test_iteration_13_travel.TestTripLifecycle" name="test_trip_created" time="0.131" /><testcase classname="backend.tests.test_iteration_13_travel.TestTripLifecycle" name="test_trip_update_to_booked" time="0.088" /><testcase classname="backend.tests.test_iteration_13_travel.TestTripLifecycle" name="test_insights_caches_on_trip_then_force_refresh" time="0.132" /><testcase classname="backend.tests.test_iteration_13_travel.TestTripLifecycle" name="test_checklist_default_for_eden_heights" time="0.046" /><testcase classname="backend.tests.test_iteration_13_travel.TestTripLifecycle" name="test_checklist_put_toggle" time="0.125" /><testcase classname="backend.tests.test_iteration_13_travel.TestTripLifecycle" name="test_cost_estimate_put_get" time="0.125" /><testcase classname="backend.tests.test_iteration_13_travel.TestPassport" name="test_put_critical_expiry" time="0.042" /><testcase classname="backend.tests.test_iteration_13_travel.TestPassport" name="test_put_valid_expiry" time="0.041" /><testcase classname="backend.tests.test_iteration_13_travel.TestPassport" name="test_passport_autocheck_on_checklist" time="0.136" /><testcase classname="backend.tests.test_iteration_13_travel.TestTripDeleteCascade" name="test_delete_trip_removes_checklist" time="0.210" /></testsuite></testsuites>