<?xml version="1.0" encoding="utf-8"?><testsuites name="pytest tests"><testsuite name="pytest" errors="0" failures="0" skipped="0" tests="4" time="1.877" timestamp="2026-06-30T20:07:12.439144+00:00" hostname="agent-env-857aff2e-26d2-4e70-b1c5-49b94335bbc7"><testcase classname="backend.tests.test_family_crud" name="test_family_member_full_crud" time="1.070" /><testcase classname="backend.tests.test_family_crud" name="test_update_bogus_member_returns_404" time="0.108" /><testcase classname="backend.tests.test_family_crud" name="test_delete_bogus_member_returns_404" time="0.165" /><testcase classname="backend.tests.test_family_crud" name="test_update_no_editable_fields_returns_400" time="0.424" /></testsuite></testsuites>