<?xml version="1.0" encoding="utf-8"?><testsuites name="pytest tests"><testsuite name="pytest" errors="0" failures="0" skipped="0" tests="27" time="91.771" timestamp="2026-07-01T17:55:30.335520+00:00" hostname="agent-env-857aff2e-26d2-4e70-b1c5-49b94335bbc7"><testcase classname="backend.tests.test_career_tailor.TestResumeVault" name="test_00_wipe" time="0.236" /><testcase classname="backend.tests.test_career_tailor.TestResumeVault" name="test_01_paste_first_becomes_default" time="0.003" /><testcase classname="backend.tests.test_career_tailor.TestResumeVault" name="test_02_second_does_not_auto_default" time="0.003" /><testcase classname="backend.tests.test_career_tailor.TestResumeVault" name="test_03_list_strips_content_b64" time="0.002" /><testcase classname="backend.tests.test_career_tailor.TestResumeVault" name="test_04_set_default_swaps" time="0.005" /><testcase classname="backend.tests.test_career_tailor.TestResumeVault" name="test_05_rename" time="0.002" /><testcase classname="backend.tests.test_career_tailor.TestResumeVault" name="test_06_delete_promotes_newest" time="0.005" /><testcase classname="backend.tests.test_career_tailor.TestResumeVault" name="test_07_pdf_upload" time="0.219" /><testcase classname="backend.tests.test_career_tailor.TestResumeVault" name="test_08_docx_upload" time="0.046" /><testcase classname="backend.tests.test_career_tailor.TestResumeVault" name="test_09_paste_empty_400" time="0.002" /><testcase classname="backend.tests.test_career_tailor.TestResumeVault" name="test_10_put_bogus_404" time="0.002" /><testcase classname="backend.tests.test_career_tailor.TestTailor" name="test_11_tailor_full_bundle" time="46.636" /><testcase classname="backend.tests.test_career_tailor.TestTailor" name="test_12_list_versions_strips_heavy" time="0.003" /><testcase classname="backend.tests.test_career_tailor.TestTailor" name="test_13_get_version_full" time="0.002" /><testcase classname="backend.tests.test_career_tailor.TestTailor" name="test_14_download_resume_pdf" time="0.255" /><testcase classname="backend.tests.test_career_tailor.TestTailor" name="test_15_download_cover_pdf" time="0.026" /><testcase classname="backend.tests.test_career_tailor.TestTailor" name="test_16_download_thankyou_before_gen_404" time="0.003" /><testcase classname="backend.tests.test_career_tailor.TestTailor" name="test_17_thankyou_generation" time="10.353" /><testcase classname="backend.tests.test_career_tailor.TestTailor" name="test_18_download_thankyou_after_gen" time="0.016" /><testcase classname="backend.tests.test_career_tailor.TestTailor" name="test_19_followup_generation" time="9.629" /><testcase classname="backend.tests.test_career_tailor.TestTailor" name="test_20_save_application" time="0.006" /><testcase classname="backend.tests.test_career_tailor.TestTailor" name="test_21_email_status_placeholder" time="0.002" /><testcase classname="backend.tests.test_career_tailor.TestTailor" name="test_22_tailor_with_email_deferred" time="24.226" /><testcase classname="backend.tests.test_career_tailor.TestTailor" name="test_23_no_resume_400" time="0.008" /><testcase classname="backend.tests.test_career_tailor.TestTailor" name="test_24_empty_jd_422_or_400" time="0.004" /><testcase classname="backend.tests.test_career_tailor.TestTailor" name="test_25_delete_version" time="0.004" /><testcase classname="backend.tests.test_career_tailor" name="test_zz_print_summary" time="0.000" /></testsuite></testsuites>