<?xml version="1.0" encoding="utf-8"?><testsuites name="pytest tests"><testsuite name="pytest" errors="0" failures="0" skipped="0" tests="9" time="3.175" timestamp="2026-07-03T20:16:00.637740+00:00" hostname="agent-env-857aff2e-26d2-4e70-b1c5-49b94335bbc7"><testcase classname="backend.tests.test_career_v2_tracks_sources.TestTracks" name="test_list_returns_seven_profiles_including_v2" time="0.584" /><testcase classname="backend.tests.test_career_v2_tracks_sources.TestTracks" name="test_v2_seed_flag_is_idempotent" time="0.267" /><testcase classname="backend.tests.test_career_v2_tracks_sources.TestTracks" name="test_rename_profile" time="0.603" /><testcase classname="backend.tests.test_career_v2_tracks_sources.TestTracks" name="test_delete_profile_and_verify" time="0.391" /><testcase classname="backend.tests.test_career_v2_tracks_sources.TestJobSources" name="test_list_sources" time="0.101" /><testcase classname="backend.tests.test_career_v2_tracks_sources.TestJobSources" name="test_create_update_delete_source" time="0.543" /><testcase classname="backend.tests.test_career_v2_tracks_sources.TestJobSources" name="test_delete_builtin_source_and_restore" time="0.298" /><testcase classname="backend.tests.test_career_v2_tracks_sources.TestJobSources" name="test_restore_defaults_does_not_duplicate" time="0.202" /><testcase classname="backend.tests.test_career_v2_tracks_sources.TestJobSources" name="test_update_missing_source_returns_404" time="0.103" /></testsuite></testsuites>