<?xml version="1.0" encoding="utf-8"?><testsuites name="pytest tests"><testsuite name="pytest" errors="0" failures="0" skipped="0" tests="10" time="18.871" timestamp="2026-06-26T21:24:27.207519+00:00" hostname="agent-env-857aff2e-26d2-4e70-b1c5-49b94335bbc7"><testcase classname="backend.tests.test_iteration_15_chatbot" name="test_01_chat_financial_mode_first_message" time="3.638" /><testcase classname="backend.tests.test_iteration_15_chatbot" name="test_02_conversations_contains_financial_session" time="0.102" /><testcase classname="backend.tests.test_iteration_15_chatbot" name="test_03_chat_second_message_same_session_updates_count" time="6.076" /><testcase classname="backend.tests.test_iteration_15_chatbot" name="test_04_chat_legal_mode_includes_attorney_disclaimer" time="5.593" /><testcase classname="backend.tests.test_iteration_15_chatbot" name="test_05_chat_general_mode_no_attorney_disclaimer" time="2.521" /><testcase classname="backend.tests.test_iteration_15_chatbot" name="test_06_search_finance_returns_results" time="0.165" /><testcase classname="backend.tests.test_iteration_15_chatbot" name="test_07_search_too_short_returns_empty" time="0.148" /><testcase classname="backend.tests.test_iteration_15_chatbot" name="test_08_quick_actions_returns_eight_prompts" time="0.091" /><testcase classname="backend.tests.test_iteration_15_chatbot" name="test_09_delete_one_conversation" time="0.205" /><testcase classname="backend.tests.test_iteration_15_chatbot" name="test_10_clear_all_conversations" time="0.242" /></testsuite></testsuites>