<?xml version="1.0" encoding="utf-8"?><testsuites name="pytest tests"><testsuite name="pytest" errors="0" failures="0" skipped="0" tests="8" time="1.172" timestamp="2026-07-28T20:09:55.574962+00:00" hostname="agent-env-857aff2e-26d2-4e70-b1c5-49b94335bbc7"><testcase classname="backend.tests.test_google_auth_integration" name="test_google_session_missing_session_id" time="0.235" /><testcase classname="backend.tests.test_google_auth_integration" name="test_google_session_short_session_id" time="0.046" /><testcase classname="backend.tests.test_google_auth_integration" name="test_google_session_invalid_session_id_returns_401" time="0.195" /><testcase classname="backend.tests.test_google_auth_integration" name="test_logout_unknown_token_returns_200" time="0.057" /><testcase classname="backend.tests.test_google_auth_integration" name="test_fake_session_token_returns_401_not_500" time="0.049" /><testcase classname="backend.tests.test_google_auth_integration" name="test_jwt_login_and_me_regression" time="0.375" /><testcase classname="backend.tests.test_google_auth_integration" name="test_user_sessions_indexes_exist" time="0.011" /><testcase classname="backend.tests.test_google_auth_integration" name="test_yarn_lock_exists_and_nonempty" time="0.001" /></testsuite></testsuites>