<?xml version="1.0" encoding="utf-8"?><testsuites name="pytest tests"><testsuite name="pytest" errors="0" failures="0" skipped="0" tests="11" time="7.435" timestamp="2026-06-29T19:49:41.274073+00:00" hostname="agent-env-857aff2e-26d2-4e70-b1c5-49b94335bbc7"><testcase classname="backend.tests.test_world_clock.TestDirectoryAndClocks" name="test_directory" time="0.547" /><testcase classname="backend.tests.test_world_clock.TestDirectoryAndClocks" name="test_list_clocks_autoseeds" time="0.092" /><testcase classname="backend.tests.test_world_clock.TestDirectoryAndClocks" name="test_create_clock_tokyo" time="0.111" /><testcase classname="backend.tests.test_world_clock.TestDirectoryAndClocks" name="test_create_clock_invalid_tz" time="0.096" /><testcase classname="backend.tests.test_world_clock.TestDirectoryAndClocks" name="test_update_clock_home_mutex" time="0.289" /><testcase classname="backend.tests.test_world_clock.TestDirectoryAndClocks" name="test_delete_clock" time="0.094" /><testcase classname="backend.tests.test_world_clock.TestConverter" name="test_convert_et_to_multi" time="0.144" /><testcase classname="backend.tests.test_world_clock.TestConverter" name="test_convert_invalid_source" time="0.097" /><testcase classname="backend.tests.test_world_clock.TestBestMeetingAI" name="test_best_meeting" time="5.609" /><testcase classname="backend.tests.test_world_clock.TestBestMeetingAI" name="test_best_meeting_empty_participants" time="0.122" /><testcase classname="backend.tests.test_world_clock.TestBestMeetingAI" name="test_best_meeting_invalid_tz" time="0.146" /></testsuite></testsuites>