<?xml version="1.0" encoding="utf-8"?><testsuites name="pytest tests"><testsuite name="pytest" errors="0" failures="0" skipped="0" tests="13" time="2.485" timestamp="2026-06-29T19:13:47.899151+00:00" hostname="agent-env-857aff2e-26d2-4e70-b1c5-49b94335bbc7"><testcase classname="tests.test_security_extras.TestMonitoredAccounts" name="test_01_list_initial_autoseed" time="0.502" /><testcase classname="tests.test_security_extras.TestMonitoredAccounts" name="test_02_create_email" time="0.093" /><testcase classname="tests.test_security_extras.TestMonitoredAccounts" name="test_03_create_phone" time="0.100" /><testcase classname="tests.test_security_extras.TestMonitoredAccounts" name="test_04_create_ssn" time="0.099" /><testcase classname="tests.test_security_extras.TestMonitoredAccounts" name="test_05_create_invalid_type" time="0.110" /><testcase classname="tests.test_security_extras.TestMonitoredAccounts" name="test_06_list_masks_sensitive" time="0.148" /><testcase classname="tests.test_security_extras.TestMonitoredAccounts" name="test_07_update" time="0.310" /><testcase classname="tests.test_security_extras.TestMonitoredAccounts" name="test_08_delete" time="0.200" /><testcase classname="tests.test_security_extras.TestMonitoredAccounts" name="test_09_cleanup" time="0.236" /><testcase classname="tests.test_security_extras.TestJurisdiction" name="test_10_get_jurisdiction_initial" time="0.102" /><testcase classname="tests.test_security_extras.TestJurisdiction" name="test_11_set_dekalb_and_lookup" time="0.205" /><testcase classname="tests.test_security_extras.TestJurisdiction" name="test_12_police_step_dynamic" time="0.156" /><testcase classname="tests.test_security_extras.TestJurisdiction" name="test_13_identity_theft_guide_step_overridden" time="0.103" /></testsuite></testsuites>