<?xml version="1.0" encoding="utf-8"?><testsuites name="pytest tests"><testsuite name="pytest" errors="0" failures="0" skipped="0" tests="17" time="2.916" timestamp="2026-06-29T20:18:21.725221+00:00" hostname="agent-env-857aff2e-26d2-4e70-b1c5-49b94335bbc7"><testcase classname="backend.tests.test_medical_docs.TestTypesAndList" name="test_get_types" time="0.525" /><testcase classname="backend.tests.test_medical_docs.TestTypesAndList" name="test_list_empty_or_ok" time="0.096" /><testcase classname="backend.tests.test_medical_docs.TestUpload" name="test_upload_returns_clean_metadata" time="0.152" /><testcase classname="backend.tests.test_medical_docs.TestUpload" name="test_upload_invalid_doc_type" time="0.149" /><testcase classname="backend.tests.test_medical_docs.TestUpload" name="test_upload_empty_file" time="0.138" /><testcase classname="backend.tests.test_medical_docs.TestGetDownload" name="test_list_filter_by_doc_type" time="0.097" /><testcase classname="backend.tests.test_medical_docs.TestGetDownload" name="test_list_filter_invalid_doc_type" time="0.137" /><testcase classname="backend.tests.test_medical_docs.TestGetDownload" name="test_get_single_doc" time="0.146" /><testcase classname="backend.tests.test_medical_docs.TestGetDownload" name="test_download" time="0.106" /><testcase classname="backend.tests.test_medical_docs.TestUpdate" name="test_update_doc" time="0.241" /><testcase classname="backend.tests.test_medical_docs.TestUpdate" name="test_update_invalid_doc_type" time="0.110" /><testcase classname="backend.tests.test_medical_docs.TestUpdate" name="test_update_nonexistent" time="0.100" /><testcase classname="backend.tests.test_medical_docs.TestDelete" name="test_delete_flow" time="0.310" /><testcase classname="backend.tests.test_medical_docs.TestDelete" name="test_delete_nonexistent" time="0.089" /><testcase classname="backend.tests.test_medical_docs.TestRegressionSmoke" name="test_medications_get" time="0.095" /><testcase classname="backend.tests.test_medical_docs.TestRegressionSmoke" name="test_appointments_get" time="0.103" /><testcase classname="backend.tests.test_medical_docs.TestRegressionSmoke" name="test_insurance_get" time="0.234" /></testsuite></testsuites>