<?xml version="1.0" encoding="utf-8"?><testsuites name="pytest tests"><testsuite name="pytest" errors="0" failures="0" skipped="0" tests="3" time="1.784" timestamp="2026-06-26T21:08:00.495620+00:00" hostname="agent-env-857aff2e-26d2-4e70-b1c5-49b94335bbc7"><testcase classname="backend.tests.test_iteration_14_ph_edit" name="test_cleanup_existing_ph_trip" time="0.769" /><testcase classname="backend.tests.test_iteration_14_ph_edit" name="test_put_ph_trip_preserves_country_and_country_code" time="0.540" /><testcase classname="backend.tests.test_iteration_14_ph_edit" name="test_final_cleanup" time="0.403" /></testsuite></testsuites>