<?xml version="1.0" encoding="utf-8"?><testsuites name="pytest tests"><testsuite name="pytest" errors="0" failures="0" skipped="0" tests="12" time="7.651" timestamp="2026-06-29T20:41:46.439748+00:00" hostname="agent-env-857aff2e-26d2-4e70-b1c5-49b94335bbc7"><testcase classname="tests.test_account_mgmt.TestChangePassword" name="test_01_no_token_unauthorized" time="0.142" /><testcase classname="tests.test_account_mgmt.TestChangePassword" name="test_02_wrong_current_password" time="0.658" /><testcase classname="tests.test_account_mgmt.TestChangePassword" name="test_03_too_short_new_password" time="0.107" /><testcase classname="tests.test_account_mgmt.TestChangePassword" name="test_04_letters_only_new_password" time="0.102" /><testcase classname="tests.test_account_mgmt.TestChangePassword" name="test_05_same_password" time="1.900" /><testcase classname="tests.test_account_mgmt.TestChangePassword" name="test_06_change_and_restore" time="1.399" /><testcase classname="tests.test_account_mgmt.TestChangePassword" name="test_07_audit_logs_via_failures" time="0.324" /><testcase classname="tests.test_account_mgmt.TestDeleteAccount" name="test_08_lowercase_confirm_text_422" time="0.644" /><testcase classname="tests.test_account_mgmt.TestDeleteAccount" name="test_09_wrong_password_400" time="0.648" /><testcase classname="tests.test_account_mgmt.TestDeleteAccount" name="test_10_successful_delete" time="1.246" /><testcase classname="tests.test_account_mgmt.TestRegression" name="test_13_login_test1_still_works" time="0.314" /><testcase classname="tests.test_account_mgmt.TestRegression" name="test_14_me_still_works" time="0.099" /></testsuite></testsuites>