<?xml version="1.0" encoding="utf-8"?><testsuites name="pytest tests"><testsuite name="pytest" errors="0" failures="1" skipped="0" tests="11" time="2.559" timestamp="2026-06-29T19:28:38.383610+00:00" hostname="agent-env-857aff2e-26d2-4e70-b1c5-49b94335bbc7"><testcase classname="tests.test_safety_local.TestOfflineMaps" name="test_01_list_auto_seeds" time="0.530" /><testcase classname="tests.test_safety_local.TestOfflineMaps" name="test_02_create_offline_map" time="0.253" /><testcase classname="tests.test_safety_local.TestOfflineMaps" name="test_03_update_offline_map" time="0.296" /><testcase classname="tests.test_safety_local.TestOfflineMaps" name="test_04_delete_offline_map" time="0.251" /><testcase classname="tests.test_safety_local.TestTravelMap" name="test_05_travel_map" time="0.372" /><testcase classname="tests.test_safety_local.TestGpsAlerts" name="test_06_default_settings" time="0.112" /><testcase classname="tests.test_safety_local.TestGpsAlerts" name="test_07_update_then_get" time="0.232" /><testcase classname="tests.test_safety_local.TestGpsAlerts" name="test_08_check_alerts" time="0.099" /><testcase classname="tests.test_safety_local.TestLocalMedia" name="test_09_media_atlanta" time="0.096" /><testcase classname="tests.test_safety_local.TestLocalMedia" name="test_10_media_ny" time="0.107"><failure message="assert False is True">tests/test_safety_local.py:154: in test_10_media_ny
    assert d["matched"] is True
E   assert False is True</failure></testcase><testcase classname="tests.test_safety_local.TestLocalMedia" name="test_11_media_fallback" time="0.106" /></testsuite></testsuites>