<?xml version="1.0" encoding="utf-8"?><testsuites name="pytest tests"><testsuite name="pytest" errors="0" failures="1" skipped="0" tests="8" time="2.661" timestamp="2026-06-30T21:08:09.832973+00:00" hostname="agent-env-857aff2e-26d2-4e70-b1c5-49b94335bbc7"><testcase classname="backend.tests.test_iteration_26_firebase" name="test_family_locations_status" time="0.755" /><testcase classname="backend.tests.test_iteration_26_firebase" name="test_family_locations_sync_first" time="0.382"><failure message="AssertionError: sync write failed: {'member_id': '7311c624-ae51-4e9d-934b-5f691c943807', 'name': 'Ken', 'result': {'ok': False, 'error': '403 Cloud Firestore API has not been used in project plos-53fbd before or it is disabled. Enable it by visiting https://console.developers.google.com/apis/api/firestore.googleapis.com/overview?project=plos-53fbd then retry. If you enabled this API recently, wait a few minutes for the action to propagate to our systems and retry. [reason: &quot;SERVICE_DISABLED&quot;\ndomain: &quot;googleapis.com&quot;\nmetadata {\n  key: &quot;service&quot;\n  value: &quot;firestore.googleapis.com&quot;\n}\nmetadata {\n  key: &quot;serviceTitle&quot;\n  value: &quot;Cloud Firestore API&quot;\n}\nmetadata {\n  key: &quot;containerInfo&quot;\n  value: &quot;plos-53fbd&quot;\n}\nmetadata {\n  key: &quot;consumer&quot;\n  value: &quot;projects/plos-53fbd&quot;\n}\nmetadata {\n  key: &quot;activationUrl&quot;\n  value: &quot;https://console.developers.google.com/apis/api/firestore.googleapis.com/overview?project=plos-53fbd&quot;\n}\n, locale: &quot;en-US&quot;\nmessage: &quot;Cloud Firestore API has not been used in project plos-53fbd before or it is disabled. Enable it by visiting https://console.developers.google.com/apis/api/firestore.googleapis.com/overview?project=plos-53fbd then retry. If you enabled this API recently, wait a few minutes for the action to propagate to our systems and retry.&quot;\n, links {\n  description: &quot;Google developers console API activation&quot;\n  url: &quot;https://console.developers.google.com/apis/api/firestore.googleapis.com/overview?project=plos-53fbd&quot;\n}\n]'}}&#10;assert False is True&#10; +  where False = &lt;built-in method get of dict object at 0xffd745e8cb40&gt;('ok')&#10; +    where &lt;built-in method get of dict object at 0xffd745e8cb40&gt; = {'ok': False, 'error': '403 Cloud Firestore API has not been used in project plos-53fbd before or it is disabled. Enable it by visiting https://console.developers.google.com/apis/api/firestore.googleapis.com/overview?project=plos-53fbd then retry. If you enabled this API recently, wait a few minutes for the action to propagate to our systems and retry. [reason: &quot;SERVICE_DISABLED&quot;\ndomain: &quot;googleapis.com&quot;\nmetadata {\n  key: &quot;service&quot;\n  value: &quot;firestore.googleapis.com&quot;\n}\nmetadata {\n  key: &quot;serviceTitle&quot;\n  value: &quot;Cloud Firestore API&quot;\n}\nmetadata {\n  key: &quot;containerInfo&quot;\n  value: &quot;plos-53fbd&quot;\n}\nmetadata {\n  key: &quot;consumer&quot;\n  value: &quot;projects/plos-53fbd&quot;\n}\nmetadata {\n  key: &quot;activationUrl&quot;\n  value: &quot;https://console.developers.google.com/apis/api/firestore.googleapis.com/overview?project=plos-53fbd&quot;\n}\n, locale: &quot;en-US&quot;\nmessage: &quot;Cloud Firestore API has not been used in project plos-53fbd before or it is disabled. Enable it by visiting https://console.developers.google.com/apis/api/firestore.googleapis.com/overview?project=plos-53fbd then retry. If you enabled this API recently, wait a few minutes for the action to propagate to our systems and retry.&quot;\n, links {\n  description: &quot;Google developers console API activation&quot;\n  url: &quot;https://console.developers.google.com/apis/api/firestore.googleapis.com/overview?project=plos-53fbd&quot;\n}\n]'}.get&#10; +      where {'ok': False, 'error': '403 Cloud Firestore API has not been used in project plos-53fbd before or it is disabled. Enable it by visiting https://console.developers.google.com/apis/api/firestore.googleapis.com/overview?project=plos-53fbd then retry. If you enabled this API recently, wait a few minutes for the action to propagate to our systems and retry. [reason: &quot;SERVICE_DISABLED&quot;\ndomain: &quot;googleapis.com&quot;\nmetadata {\n  key: &quot;service&quot;\n  value: &quot;firestore.googleapis.com&quot;\n}\nmetadata {\n  key: &quot;serviceTitle&quot;\n  value: &quot;Cloud Firestore API&quot;\n}\nmetadata {\n  key: &quot;containerInfo&quot;\n  value: &quot;plos-53fbd&quot;\n}\nmetadata {\n  key: &quot;consumer&quot;\n  value: &quot;projects/plos-53fbd&quot;\n}\nmetadata {\n  key: &quot;activationUrl&quot;\n  value: &quot;https://console.developers.google.com/apis/api/firestore.googleapis.com/overview?project=plos-53fbd&quot;\n}\n, locale: &quot;en-US&quot;\nmessage: &quot;Cloud Firestore API has not been used in project plos-53fbd before or it is disabled. Enable it by visiting https://console.developers.google.com/apis/api/firestore.googleapis.com/overview?project=plos-53fbd then retry. If you enabled this API recently, wait a few minutes for the action to propagate to our systems and retry.&quot;\n, links {\n  description: &quot;Google developers console API activation&quot;\n  url: &quot;https://console.developers.google.com/apis/api/firestore.googleapis.com/overview?project=plos-53fbd&quot;\n}\n]'} = &lt;built-in method get of dict object at 0xffd745977040&gt;('result', {})&#10; +        where &lt;built-in method get of dict object at 0xffd745977040&gt; = {'member_id': '7311c624-ae51-4e9d-934b-5f691c943807', 'name': 'Ken', 'result': {'ok': False, 'error': '403 Cloud Firestore API has not been used in project plos-53fbd before or it is disabled. Enable it by visiting https://console.developers.google.com/apis/api/firestore.googleapis.com/overview?project=plos-53fbd then retry. If you enabled this API recently, wait a few minutes for the action to propagate to our systems and retry. [reason: &quot;SERVICE_DISABLED&quot;\ndomain: &quot;googleapis.com&quot;\nmetadata {\n  key: &quot;service&quot;\n  value: &quot;firestore.googleapis.com&quot;\n}\nmetadata {\n  key: &quot;serviceTitle&quot;\n  value: &quot;Cloud Firestore API&quot;\n}\nmetadata {\n  key: &quot;containerInfo&quot;\n  value: &quot;plos-53fbd&quot;\n}\nmetadata {\n  key: &quot;consumer&quot;\n  value: &quot;projects/plos-53fbd&quot;\n}\nmetadata {\n  key: &quot;activationUrl&quot;\n  value: &quot;https://console.developers.google.com/apis/api/firestore.googleapis.com/overview?project=plos-53fbd&quot;\n}\n, locale: &quot;en-US&quot;\nmessage: &quot;Cloud Firestore API has not been used in project plos-53fbd before or it is disabled. Enable it by visiting https://console.developers.google.com/apis/api/firestore.googleapis.com/overview?project=plos-53fbd then retry. If you enabled this API recently, wait a few minutes for the action to propagate to our systems and retry.&quot;\n, links {\n  description: &quot;Google developers console API activation&quot;\n  url: &quot;https://console.developers.google.com/apis/api/firestore.googleapis.com/overview?project=plos-53fbd&quot;\n}\n]'}}.get">backend/tests/test_iteration_26_firebase.py:66: in test_family_locations_sync_first
    assert m.get("result", {}).get("ok") is True, f"sync write failed: {m}"
E   AssertionError: sync write failed: {'member_id': '7311c624-ae51-4e9d-934b-5f691c943807', 'name': 'Ken', 'result': {'ok': False, 'error': '403 Cloud Firestore API has not been used in project plos-53fbd before or it is disabled. Enable it by visiting https://console.developers.google.com/apis/api/firestore.googleapis.com/overview?project=plos-53fbd then retry. If you enabled this API recently, wait a few minutes for the action to propagate to our systems and retry. [reason: "SERVICE_DISABLED"\ndomain: "googleapis.com"\nmetadata {\n  key: "service"\n  value: "firestore.googleapis.com"\n}\nmetadata {\n  key: "serviceTitle"\n  value: "Cloud Firestore API"\n}\nmetadata {\n  key: "containerInfo"\n  value: "plos-53fbd"\n}\nmetadata {\n  key: "consumer"\n  value: "projects/plos-53fbd"\n}\nmetadata {\n  key: "activationUrl"\n  value: "https://console.developers.google.com/apis/api/firestore.googleapis.com/overview?project=plos-53fbd"\n}\n, locale: "en-US"\nmessage: "Cloud Firestore API has not been used in project plos-53fbd before or it is disabled. Enable it by visiting https://console.developers.google.com/apis/api/firestore.googleapis.com/overview?project=plos-53fbd then retry. If you enabled this API recently, wait a few minutes for the action to propagate to our systems and retry."\n, links {\n  description: "Google developers console API activation"\n  url: "https://console.developers.google.com/apis/api/firestore.googleapis.com/overview?project=plos-53fbd"\n}\n]'}}
E   assert False is True
E    +  where False = &lt;built-in method get of dict object at 0xffd745e8cb40&gt;('ok')
E    +    where &lt;built-in method get of dict object at 0xffd745e8cb40&gt; = {'ok': False, 'error': '403 Cloud Firestore API has not been used in project plos-53fbd before or it is disabled. Enable it by visiting https://console.developers.google.com/apis/api/firestore.googleapis.com/overview?project=plos-53fbd then retry. If you enabled this API recently, wait a few minutes for the action to propagate to our systems and retry. [reason: "SERVICE_DISABLED"\ndomain: "googleapis.com"\nmetadata {\n  key: "service"\n  value: "firestore.googleapis.com"\n}\nmetadata {\n  key: "serviceTitle"\n  value: "Cloud Firestore API"\n}\nmetadata {\n  key: "containerInfo"\n  value: "plos-53fbd"\n}\nmetadata {\n  key: "consumer"\n  value: "projects/plos-53fbd"\n}\nmetadata {\n  key: "activationUrl"\n  value: "https://console.developers.google.com/apis/api/firestore.googleapis.com/overview?project=plos-53fbd"\n}\n, locale: "en-US"\nmessage: "Cloud Firestore API has not been used in project plos-53fbd before or it is disabled. Enable it by visiting https://console.developers.google.com/apis/api/firestore.googleapis.com/overview?project=plos-53fbd then retry. If you enabled this API recently, wait a few minutes for the action to propagate to our systems and retry."\n, links {\n  description: "Google developers console API activation"\n  url: "https://console.developers.google.com/apis/api/firestore.googleapis.com/overview?project=plos-53fbd"\n}\n]'}.get
E    +      where {'ok': False, 'error': '403 Cloud Firestore API has not been used in project plos-53fbd before or it is disabled. Enable it by visiting https://console.developers.google.com/apis/api/firestore.googleapis.com/overview?project=plos-53fbd then retry. If you enabled this API recently, wait a few minutes for the action to propagate to our systems and retry. [reason: "SERVICE_DISABLED"\ndomain: "googleapis.com"\nmetadata {\n  key: "service"\n  value: "firestore.googleapis.com"\n}\nmetadata {\n  key: "serviceTitle"\n  value: "Cloud Firestore API"\n}\nmetadata {\n  key: "containerInfo"\n  value: "plos-53fbd"\n}\nmetadata {\n  key: "consumer"\n  value: "projects/plos-53fbd"\n}\nmetadata {\n  key: "activationUrl"\n  value: "https://console.developers.google.com/apis/api/firestore.googleapis.com/overview?project=plos-53fbd"\n}\n, locale: "en-US"\nmessage: "Cloud Firestore API has not been used in project plos-53fbd before or it is disabled. Enable it by visiting https://console.developers.google.com/apis/api/firestore.googleapis.com/overview?project=plos-53fbd then retry. If you enabled this API recently, wait a few minutes for the action to propagate to our systems and retry."\n, links {\n  description: "Google developers console API activation"\n  url: "https://console.developers.google.com/apis/api/firestore.googleapis.com/overview?project=plos-53fbd"\n}\n]'} = &lt;built-in method get of dict object at 0xffd745977040&gt;('result', {})
E    +        where &lt;built-in method get of dict object at 0xffd745977040&gt; = {'member_id': '7311c624-ae51-4e9d-934b-5f691c943807', 'name': 'Ken', 'result': {'ok': False, 'error': '403 Cloud Firestore API has not been used in project plos-53fbd before or it is disabled. Enable it by visiting https://console.developers.google.com/apis/api/firestore.googleapis.com/overview?project=plos-53fbd then retry. If you enabled this API recently, wait a few minutes for the action to propagate to our systems and retry. [reason: "SERVICE_DISABLED"\ndomain: "googleapis.com"\nmetadata {\n  key: "service"\n  value: "firestore.googleapis.com"\n}\nmetadata {\n  key: "serviceTitle"\n  value: "Cloud Firestore API"\n}\nmetadata {\n  key: "containerInfo"\n  value: "plos-53fbd"\n}\nmetadata {\n  key: "consumer"\n  value: "projects/plos-53fbd"\n}\nmetadata {\n  key: "activationUrl"\n  value: "https://console.developers.google.com/apis/api/firestore.googleapis.com/overview?project=plos-53fbd"\n}\n, locale: "en-US"\nmessage: "Cloud Firestore API has not been used in project plos-53fbd before or it is disabled. Enable it by visiting https://console.developers.google.com/apis/api/firestore.googleapis.com/overview?project=plos-53fbd then retry. If you enabled this API recently, wait a few minutes for the action to propagate to our systems and retry."\n, links {\n  description: "Google developers console API activation"\n  url: "https://console.developers.google.com/apis/api/firestore.googleapis.com/overview?project=plos-53fbd"\n}\n]'}}.get</failure></testcase><testcase classname="backend.tests.test_iteration_26_firebase" name="test_family_locations_sync_idempotent" time="0.306" /><testcase classname="backend.tests.test_iteration_26_firebase" name="test_family_locations_simulate_distance" time="0.561" /><testcase classname="backend.tests.test_iteration_26_firebase" name="test_push_categories" time="0.091" /><testcase classname="backend.tests.test_iteration_26_firebase" name="test_register_push" time="0.256" /><testcase classname="backend.tests.test_iteration_26_firebase" name="test_push_test_valid_category" time="0.110" /><testcase classname="backend.tests.test_iteration_26_firebase" name="test_push_test_invalid_category" time="0.099" /></testsuite></testsuites>