<?xml version="1.0" encoding="utf-8"?><testsuites name="pytest tests"><testsuite name="pytest" errors="0" failures="0" skipped="0" tests="15" time="44.073" timestamp="2026-06-29T20:51:46.035075+00:00" hostname="agent-env-857aff2e-26d2-4e70-b1c5-49b94335bbc7"><testcase classname="tests.test_doc_summarizer" name="test_focuses_list" time="0.503" /><testcase classname="tests.test_doc_summarizer" name="test_history_initial" time="0.112" /><testcase classname="tests.test_doc_summarizer" name="test_summarize_financial" time="19.356" /><testcase classname="tests.test_doc_summarizer" name="test_summarize_invalid_focus" time="0.128" /><testcase classname="tests.test_doc_summarizer" name="test_summarize_no_file" time="0.139" /><testcase classname="tests.test_doc_summarizer" name="test_summarize_empty_file" time="0.120" /><testcase classname="tests.test_doc_summarizer" name="test_summarize_oversized_file" time="0.500" /><testcase classname="tests.test_doc_summarizer" name="test_summarize_unsupported_mime" time="0.138" /><testcase classname="tests.test_doc_summarizer" name="test_summarize_save_false_no_history_entry" time="10.228" /><testcase classname="tests.test_doc_summarizer" name="test_summarize_pdf" time="12.017" /><testcase classname="tests.test_doc_summarizer" name="test_history_contains_saved" time="0.135" /><testcase classname="tests.test_doc_summarizer" name="test_history_get_full" time="0.109" /><testcase classname="tests.test_doc_summarizer" name="test_history_get_nonexistent" time="0.107" /><testcase classname="tests.test_doc_summarizer" name="test_history_delete_nonexistent" time="0.106" /><testcase classname="tests.test_doc_summarizer" name="test_history_delete" time="0.286" /></testsuite></testsuites>