<?xml version="1.0" encoding="utf-8"?><testsuites name="pytest tests"><testsuite name="pytest" errors="0" failures="0" skipped="0" tests="2" time="71.947" timestamp="2026-06-26T19:55:26.392712+00:00" hostname="agent-env-857aff2e-26d2-4e70-b1c5-49b94335bbc7"><testcase classname="backend.tests.test_iteration_11_fixes" name="test_business_plan_under_60s_via_public_url" time="50.616" /><testcase classname="backend.tests.test_iteration_11_fixes" name="test_utility_find_better_under_60s_via_public_url" time="21.261" /></testsuite></testsuites>