<?xml version="1.0" encoding="utf-8"?><testsuites name="pytest tests"><testsuite name="pytest" errors="0" failures="1" skipped="0" tests="7" time="24.805" timestamp="2026-07-05T00:37:31.996676+00:00" hostname="agent-env-857aff2e-26d2-4e70-b1c5-49b94335bbc7"><testcase classname="backend.tests.test_iteration_27_deep_search_auth.TestDeepSearchAuthenticity" name="test_response_shape" time="12.507" /><testcase classname="backend.tests.test_iteration_27_deep_search_auth.TestDeepSearchAuthenticity" name="test_rejection_counts_shape" time="0.000" /><testcase classname="backend.tests.test_iteration_27_deep_search_auth.TestDeepSearchAuthenticity" name="test_verified_count_gt_20" time="0.000" /><testcase classname="backend.tests.test_iteration_27_deep_search_auth.TestDeepSearchAuthenticity" name="test_top_job_employer_verified" time="0.000" /><testcase classname="backend.tests.test_iteration_27_deep_search_auth.TestVerifiedFeedFiltering" name="test_verified_feed" time="0.229"><failure message="AssertionError: 1 untrusted hosts: [('Vice President for Finance and Administration', 'cuny.jobs')]&#10;assert not [('Vice President for Finance and Administration', 'cuny.jobs')]">backend/tests/test_iteration_27_deep_search_auth.py:188: in test_verified_feed
    assert not untrusted, f"{len(untrusted)} untrusted hosts: {untrusted[:5]}"
E   AssertionError: 1 untrusted hosts: [('Vice President for Finance and Administration', 'cuny.jobs')]
E   assert not [('Vice President for Finance and Administration', 'cuny.jobs')]</failure></testcase><testcase classname="backend.tests.test_iteration_27_deep_search_auth.TestVerifiedFeedOptOut" name="test_opt_out_count" time="0.427" /><testcase classname="backend.tests.test_iteration_27_deep_search_auth.TestDeepSearchIdempotency" name="test_second_deep_search" time="11.550" /></testsuite></testsuites>