<?xml version="1.0" encoding="utf-8"?><testsuites name="pytest tests"><testsuite name="pytest" errors="0" failures="0" skipped="0" tests="10" time="2.510" timestamp="2026-06-26T20:27:07.363835+00:00" hostname="agent-env-857aff2e-26d2-4e70-b1c5-49b94335bbc7"><testcase classname="backend.tests.test_iteration_12_business_crud.TestBusinessIdeasCRUD" name="test_01_get_ideas_first_call_seeds" time="0.719" /><testcase classname="backend.tests.test_iteration_12_business_crud.TestBusinessIdeasCRUD" name="test_02_get_ideas_second_call_persisted" time="0.050" /><testcase classname="backend.tests.test_iteration_12_business_crud.TestBusinessIdeasCRUD" name="test_03_create_idea" time="0.054" /><testcase classname="backend.tests.test_iteration_12_business_crud.TestBusinessIdeasCRUD" name="test_04_update_idea" time="1.157" /><testcase classname="backend.tests.test_iteration_12_business_crud.TestBusinessIdeasCRUD" name="test_05_get_includes_updated" time="0.051" /><testcase classname="backend.tests.test_iteration_12_business_crud.TestBusinessIdeasCRUD" name="test_06_delete_idea" time="0.099" /><testcase classname="backend.tests.test_iteration_12_business_crud.TestBusinessIdeasCRUD" name="test_07_delete_non_existent_returns_404" time="0.049" /><testcase classname="backend.tests.test_iteration_12_business_crud.TestEdenHeightsCRUD" name="test_10_get_initial" time="0.050" /><testcase classname="backend.tests.test_iteration_12_business_crud.TestEdenHeightsCRUD" name="test_11_put_with_new_fields" time="0.093" /><testcase classname="backend.tests.test_iteration_12_business_crud.TestEdenHeightsCRUD" name="test_12_delete_resets_to_factory" time="0.099" /></testsuite></testsuites>