<?xml version="1.0" encoding="utf-8"?><testsuites name="pytest tests"><testsuite name="pytest" errors="0" failures="0" skipped="0" tests="10" time="28.515" timestamp="2026-07-01T19:27:39.746696+00:00" hostname="agent-env-857aff2e-26d2-4e70-b1c5-49b94335bbc7"><testcase classname="backend.tests.test_travel_search" name="test_01_find_manila_trip" time="0.505" /><testcase classname="backend.tests.test_travel_search" name="test_02_post_search_returns_valid_structure" time="27.355" /><testcase classname="backend.tests.test_travel_search" name="test_03_all_booking_urls_contain_trip_dates" time="0.000" /><testcase classname="backend.tests.test_travel_search" name="test_04_agoda_and_google_flights_url_format" time="0.000" /><testcase classname="backend.tests.test_travel_search" name="test_05_count_unique_booking_urls" time="0.000" /><testcase classname="backend.tests.test_travel_search" name="test_06_searched_at_persisted_on_trip" time="0.149" /><testcase classname="backend.tests.test_travel_search" name="test_07_get_search_returns_cached" time="0.101" /><testcase classname="backend.tests.test_travel_search" name="test_08_save_to_budget" time="0.106" /><testcase classname="backend.tests.test_travel_search" name="test_09_planned_expense_persisted" time="0.114" /><testcase classname="backend.tests.test_travel_search" name="test_10_search_non_existent_trip_404" time="0.097" /></testsuite></testsuites>