<?xml version="1.0" encoding="utf-8"?><testsuites name="pytest tests"><testsuite name="pytest" errors="0" failures="0" skipped="0" tests="7" time="29.155" timestamp="2026-07-03T04:33:09.554630+00:00" hostname="agent-env-857aff2e-26d2-4e70-b1c5-49b94335bbc7"><testcase classname="backend.tests.test_iteration_30_booking_links.TestBookingLinksManila" name="test_manila_all_links_and_agoda_present" time="8.620" /><testcase classname="backend.tests.test_iteration_30_booking_links.TestBookingLinksParis" name="test_paris_no_agoda_iata_cdg" time="6.965" /><testcase classname="backend.tests.test_iteration_30_booking_links.TestBookingLinksOneWayOnly" name="test_no_return_date_no_rt_no_hotels" time="4.343" /><testcase classname="backend.tests.test_iteration_30_booking_links.TestScanNoCache" name="test_two_scans_different_scanned_at" time="8.380" /><testcase classname="backend.tests.test_iteration_30_booking_links.TestRegression" name="test_pin_toggle" time="0.233" /><testcase classname="backend.tests.test_iteration_30_booking_links.TestRegression" name="test_edit_persists" time="0.229" /><testcase classname="backend.tests.test_iteration_30_booking_links.TestRegression" name="test_delete_removes" time="0.295" /></testsuite></testsuites>