<?xml version="1.0" encoding="utf-8"?><testsuites name="pytest tests"><testsuite name="pytest" errors="0" failures="0" skipped="0" tests="10" time="38.544" timestamp="2026-06-29T20:01:48.051630+00:00" hostname="agent-env-857aff2e-26d2-4e70-b1c5-49b94335bbc7"><testcase classname="backend.tests.test_deal_finder" name="test_retailers" time="0.537" /><testcase classname="backend.tests.test_deal_finder" name="test_searches_autoseed" time="0.093" /><testcase classname="backend.tests.test_deal_finder" name="test_create_search" time="0.132" /><testcase classname="backend.tests.test_deal_finder" name="test_create_search_too_short" time="0.156" /><testcase classname="backend.tests.test_deal_finder" name="test_update_search" time="0.233" /><testcase classname="backend.tests.test_deal_finder" name="test_delete_search" time="0.201" /><testcase classname="backend.tests.test_deal_finder" name="test_find_ai" time="16.331" /><testcase classname="backend.tests.test_deal_finder" name="test_find_too_short" time="0.155" /><testcase classname="backend.tests.test_deal_finder" name="test_refresh_seeded" time="20.504" /><testcase classname="backend.tests.test_deal_finder" name="test_refresh_invalid_id" time="0.113" /></testsuite></testsuites>