<?xml version="1.0" encoding="utf-8"?><testsuites name="pytest tests"><testsuite name="pytest" errors="0" failures="0" skipped="0" tests="11" time="8.298" timestamp="2026-07-03T03:56:17.397869+00:00" hostname="agent-env-857aff2e-26d2-4e70-b1c5-49b94335bbc7"><testcase classname="tests.test_iteration_29_travel_pin_scan.TestPinTrip" name="test_pin_toggle_and_persist" time="1.102" /><testcase classname="tests.test_iteration_29_travel_pin_scan.TestPinTrip" name="test_pin_missing_trip_returns_404" time="0.065" /><testcase classname="tests.test_iteration_29_travel_pin_scan.TestListSort" name="test_pinned_first_then_dep_asc" time="0.512" /><testcase classname="tests.test_iteration_29_travel_pin_scan.TestEditTrip" name="test_put_updates_fields_and_persists" time="0.253" /><testcase classname="tests.test_iteration_29_travel_pin_scan.TestDeleteTrip" name="test_delete_removes_trip" time="0.192" /><testcase classname="tests.test_iteration_29_travel_pin_scan.TestDeleteTrip" name="test_delete_missing_returns_404" time="0.062" /><testcase classname="tests.test_iteration_29_travel_pin_scan.TestScanTrip" name="test_scan_returns_prices_and_persists" time="5.361" /><testcase classname="tests.test_iteration_29_travel_pin_scan.TestScanTrip" name="test_scan_missing_trip_returns_404" time="0.068" /><testcase classname="tests.test_iteration_29_travel_pin_scan.TestExistingEndpoints" name="test_insights_ph_fast_path" time="0.064" /><testcase classname="tests.test_iteration_29_travel_pin_scan.TestExistingEndpoints" name="test_checklist_after_create" time="0.194" /><testcase classname="tests.test_iteration_29_travel_pin_scan.TestExistingEndpoints" name="test_cost_estimate_put_get" time="0.336" /></testsuite></testsuites>