<?xml version="1.0" encoding="utf-8"?><testsuites name="pytest tests"><testsuite name="pytest" errors="0" failures="0" skipped="0" tests="20" time="5.766" timestamp="2026-07-06T15:33:48.072963+00:00" hostname="agent-env-857aff2e-26d2-4e70-b1c5-49b94335bbc7"><testcase classname="backend.tests.test_iteration_35_playstore.TestAuth" name="test_register_new_user" time="0.370" /><testcase classname="backend.tests.test_iteration_35_playstore.TestAuth" name="test_login_success" time="0.394" /><testcase classname="backend.tests.test_iteration_35_playstore.TestAuth" name="test_login_wrong_password" time="0.326" /><testcase classname="backend.tests.test_iteration_35_playstore.TestAuth" name="test_me_with_valid_token" time="0.109" /><testcase classname="backend.tests.test_iteration_35_playstore.TestAuth" name="test_me_no_token" time="0.104" /><testcase classname="backend.tests.test_iteration_35_playstore.TestAuth" name="test_me_invalid_token" time="0.101" /><testcase classname="backend.tests.test_iteration_35_playstore.TestDashboard" name="test_dashboard" time="0.120" /><testcase classname="backend.tests.test_iteration_35_playstore.TestDashboard" name="test_daily_advice" time="0.131" /><testcase classname="backend.tests.test_iteration_35_playstore.TestDashboard" name="test_alerts" time="0.109" /><testcase classname="backend.tests.test_iteration_35_playstore.TestFinance" name="test_dashboard_snapshot" time="0.112" /><testcase classname="backend.tests.test_iteration_35_playstore.TestFinance" name="test_plaid_accounts" time="0.109" /><testcase classname="backend.tests.test_iteration_35_playstore.TestFinance" name="test_plaid_transactions" time="0.110" /><testcase classname="backend.tests.test_iteration_35_playstore.TestFinance" name="test_debts" time="0.101" /><testcase classname="backend.tests.test_iteration_35_playstore.TestCareer" name="test_profiles" time="0.125" /><testcase classname="backend.tests.test_iteration_35_playstore.TestCareer" name="test_verified_feed" time="0.117" /><testcase classname="backend.tests.test_iteration_35_playstore.TestSafetyLocal" name="test_weather" time="0.673" /><testcase classname="backend.tests.test_iteration_35_playstore.TestSafetyLocal" name="test_nearby" time="0.152" /><testcase classname="backend.tests.test_iteration_35_playstore.TestSafetyLocal" name="test_gas" time="0.116" /><testcase classname="backend.tests.test_iteration_35_playstore.TestChatbot" name="test_conversations" time="0.112" /><testcase classname="backend.tests.test_iteration_35_playstore.TestChatbot" name="test_message" time="2.186" /></testsuite></testsuites>