<?xml version="1.0" encoding="utf-8"?><testsuites name="pytest tests"><testsuite name="pytest" errors="0" failures="0" skipped="0" tests="20" time="4.747" timestamp="2026-06-26T18:17:56.253716+00:00" hostname="agent-env-857aff2e-26d2-4e70-b1c5-49b94335bbc7"><testcase classname="backend.tests.test_local_module.TestWeather" name="test_weather_default_atlanta" time="1.326" /><testcase classname="backend.tests.test_local_module.TestWeather" name="test_weather_explicit_coords_no_default_flag" time="0.656" /><testcase classname="backend.tests.test_local_module.TestWeather" name="test_weather_invalid_coords_no_500" time="0.228" /><testcase classname="backend.tests.test_local_module.TestNearby" name="test_nearby_returns_seeded_atlanta" time="0.043" /><testcase classname="backend.tests.test_local_module.TestNearby" name="test_preferences_update_flips_mocked_when_key_set" time="0.224" /><testcase classname="backend.tests.test_local_module.TestNearby" name="test_preferences_cuisine_change" time="0.131" /><testcase classname="backend.tests.test_local_module.TestGas" name="test_gas_sorted_by_price" time="0.041" /><testcase classname="backend.tests.test_local_module.TestRecalls" name="test_food_recalls_live_or_graceful" time="0.462" /><testcase classname="backend.tests.test_local_module.TestRecalls" name="test_product_recalls_live_or_graceful" time="0.662" /><testcase classname="backend.tests.test_local_module.TestRecalls" name="test_vehicle_recalls_2015_rav4" time="0.199" /><testcase classname="backend.tests.test_local_module.TestFamily" name="test_family_seeded" time="0.043" /><testcase classname="backend.tests.test_local_module.TestFamily" name="test_family_invite_returns_link" time="0.047" /><testcase classname="backend.tests.test_local_module.TestFamily" name="test_family_invite_requires_name" time="0.042" /><testcase classname="backend.tests.test_local_module.TestFamily" name="test_pause_toggle_persists" time="0.189" /><testcase classname="backend.tests.test_local_module.TestSatelliteAndMaps" name="test_satellite_status" time="0.047" /><testcase classname="backend.tests.test_local_module.TestSatelliteAndMaps" name="test_offline_maps_two_regions" time="0.043" /><testcase classname="backend.tests.test_local_module.TestSOS" name="test_sos_persist_and_history" time="0.104" /><testcase classname="backend.tests.test_local_module.TestRegression" name="test_dashboard_alive" time="0.051" /><testcase classname="backend.tests.test_local_module.TestRegression" name="test_finance_summary_alive" time="0.044" /><testcase classname="backend.tests.test_local_module.TestRegression" name="test_security_alive" time="0.046" /></testsuite></testsuites>