<?xml version="1.0" encoding="utf-8"?><testsuites name="pytest tests"><testsuite name="pytest" errors="0" failures="0" skipped="0" tests="17" time="1.932" timestamp="2026-07-03T14:14:36.104159+00:00" hostname="agent-env-857aff2e-26d2-4e70-b1c5-49b94335bbc7"><testcase classname="tests.test_plaid_service.TestEncryption" name="test_aes_gcm_round_trip" time="0.764" /><testcase classname="tests.test_plaid_service.TestEncryption" name="test_aes_gcm_bad_aad_fails" time="0.000" /><testcase classname="tests.test_plaid_service.TestStatus" name="test_status_returns_expected_shape" time="0.045" /><testcase classname="tests.test_plaid_service.TestCreateLinkToken" name="test_create_link_token_sandbox_fallback" time="0.049" /><testcase classname="tests.test_plaid_service.TestSandboxSimulate" name="test_first_call_creates_item" time="0.048" /><testcase classname="tests.test_plaid_service.TestSandboxSimulate" name="test_second_call_returns_already_exists" time="0.047" /><testcase classname="tests.test_plaid_service.TestItems" name="test_list_items_returns_seeded_item_with_3_accounts" time="0.046" /><testcase classname="tests.test_plaid_service.TestTransactions" name="test_transactions_returned_sorted_desc" time="0.047" /><testcase classname="tests.test_plaid_service.TestSummary" name="test_summary_aggregates" time="0.045" /><testcase classname="tests.test_plaid_service.TestRefresh" name="test_refresh_sandbox_skip" time="0.088" /><testcase classname="tests.test_plaid_service.TestRefresh" name="test_refresh_unknown_item_returns_404" time="0.045" /><testcase classname="tests.test_plaid_service.TestWebhook" name="test_webhook_accepts_json_no_auth" time="0.142" /><testcase classname="tests.test_plaid_service.TestWebhook" name="test_webhook_no_item_id_ok" time="0.100" /><testcase classname="tests.test_plaid_service.TestDelete" name="test_delete_removes_item_and_transactions" time="0.183" /><testcase classname="tests.test_plaid_service.TestDelete" name="test_delete_unknown_returns_404" time="0.045" /><testcase classname="tests.test_plaid_service.TestRegression" name="test_travel_trips_still_works" time="0.048" /><testcase classname="tests.test_plaid_service.TestRegression" name="test_auth_me_still_works" time="0.086" /></testsuite></testsuites>