<?xml version="1.0" encoding="utf-8"?><testsuites name="pytest tests"><testsuite name="pytest" errors="0" failures="0" skipped="0" tests="20" time="2.124" timestamp="2026-07-03T17:59:47.250733+00:00" hostname="agent-env-857aff2e-26d2-4e70-b1c5-49b94335bbc7"><testcase classname="tests.test_plos_phase2_5.TestPhase2Categorizer" name="test_categorize_all_rule_matched" time="0.753" /><testcase classname="tests.test_plos_phase2_5.TestPhase2Categorizer" name="test_expected_category_assignments" time="0.042" /><testcase classname="tests.test_plos_phase2_5.TestPhase2Categorizer" name="test_invalid_category_returns_400" time="0.108" /><testcase classname="tests.test_plos_phase2_5.TestPhase2Categorizer" name="test_user_correction_kroger_to_dining" time="0.138" /><testcase classname="tests.test_plos_phase2_5.TestPhase2Categorizer" name="test_rule_cascade_priority" time="0.139" /><testcase classname="tests.test_plos_phase2_5.TestPhase3CashflowForecast" name="test_regenerate_forecast_structure" time="0.051" /><testcase classname="tests.test_plos_phase2_5.TestPhase3CashflowForecast" name="test_days_have_required_fields" time="0.049" /><testcase classname="tests.test_plos_phase2_5.TestPhase3CashflowForecast" name="test_cache_served_on_second_call" time="0.093" /><testcase classname="tests.test_plos_phase2_5.TestPhase3CashflowForecast" name="test_high_threshold_creates_low_balance_alert" time="0.098" /><testcase classname="tests.test_plos_phase2_5.TestPhase4Fraud" name="test_fraud_scan_structure" time="0.055" /><testcase classname="tests.test_plos_phase2_5.TestPhase4Fraud" name="test_fraud_alerts_structure" time="0.074" /><testcase classname="tests.test_plos_phase2_5.TestPhase4Fraud" name="test_resolve_fraud_alert_trusted_flow" time="0.065" /><testcase classname="tests.test_plos_phase2_5.TestPhase4Fraud" name="test_resolve_missing_alert_404" time="0.046" /><testcase classname="tests.test_plos_phase2_5.TestPhase5Cache" name="test_cache_stats_structure" time="0.043" /><testcase classname="tests.test_plos_phase2_5.TestPhase5Cache" name="test_compute_cache_key_deterministic" time="0.001" /><testcase classname="tests.test_plos_phase2_5.TestPhase5Cache" name="test_get_cached_missing_returns_none" time="0.004" /><testcase classname="tests.test_plos_phase2_5.TestPhase5Cache" name="test_set_cached_round_trip" time="0.005" /><testcase classname="tests.test_plos_phase2_5.TestRegression" name="test_status" time="0.041" /><testcase classname="tests.test_plos_phase2_5.TestRegression" name="test_summary" time="0.086" /><testcase classname="tests.test_plos_phase2_5.TestRegression" name="test_transactions" time="0.137" /></testsuite></testsuites>