<?xml version="1.0" encoding="utf-8"?><testsuites name="pytest tests"><testsuite name="pytest" errors="0" failures="0" skipped="0" tests="127" time="222.835" timestamp="2026-06-26T18:18:06.072720+00:00" hostname="agent-env-857aff2e-26d2-4e70-b1c5-49b94335bbc7"><testcase classname="backend.tests.test_career_module.TestPipeline" name="test_pipeline_shape_and_counts" time="0.686" /><testcase classname="backend.tests.test_career_module.TestJobApplicationsList" name="test_list_has_enriched_fields" time="0.115" /><testcase classname="backend.tests.test_career_module.TestUpdateApplication" name="test_update_status_notes_and_followup" time="0.390" /><testcase classname="backend.tests.test_career_module.TestUpdateApplication" name="test_update_bogus_id_returns_404" time="0.094" /><testcase classname="backend.tests.test_career_module.TestResumeAnalyze" name="test_resume_analyze_real_claude" time="19.750" /><testcase classname="backend.tests.test_career_module.TestGenerate" name="test_generate_resume_and_cover" time="30.562" /><testcase classname="backend.tests.test_career_module.TestGenerate" name="test_generate_persists_to_application" time="24.625" /><testcase classname="backend.tests.test_career_module.TestPathAdvisor" name="test_path_advisor_returns_3_paths" time="19.774" /><testcase classname="backend.tests.test_dashboard_alerts_ai" name="test_dashboard_has_new_fields" time="0.509" /><testcase classname="backend.tests.test_dashboard_alerts_ai" name="test_alerts_endpoint_shape" time="0.053" /><testcase classname="backend.tests.test_dashboard_alerts_ai" name="test_alerts_includes_seeded_signals" time="0.053" /><testcase classname="backend.tests.test_dashboard_alerts_ai" name="test_alerts_requires_auth" time="0.053" /><testcase classname="backend.tests.test_dashboard_alerts_ai" name="test_daily_advice_basic" time="11.964" /><testcase classname="backend.tests.test_dashboard_alerts_ai" name="test_daily_advice_caching" time="10.257" /><testcase classname="backend.tests.test_dashboard_alerts_ai" name="test_daily_advice_deep" time="26.179" /><testcase classname="backend.tests.test_dashboard_alerts_ai" name="test_daily_advice_requires_auth" time="0.048" /><testcase classname="backend.tests.test_finance_v3" name="test_list_income" time="0.505" /><testcase classname="backend.tests.test_finance_v3" name="test_list_expenses" time="0.044" /><testcase classname="backend.tests.test_finance_v3" name="test_list_debts" time="0.049" /><testcase classname="backend.tests.test_finance_v3" name="test_put_income_updates" time="0.147" /><testcase classname="backend.tests.test_finance_v3" name="test_put_expense_updates" time="0.106" /><testcase classname="backend.tests.test_finance_v3" name="test_put_debt_updates" time="0.105" /><testcase classname="backend.tests.test_finance_v3" name="test_put_invalid_id_returns_404" time="0.265" /><testcase classname="backend.tests.test_finance_v3" name="test_payoff_plan_baseline_no_savings" time="0.058" /><testcase classname="backend.tests.test_finance_v3" name="test_payoff_plan_avalanche_orders_by_apr" time="0.054" /><testcase classname="backend.tests.test_finance_v3" name="test_payoff_plan_snowball_orders_by_balance" time="0.055" /><testcase classname="backend.tests.test_finance_v3" name="test_ai_debt_strategy" time="9.191" /><testcase classname="backend.tests.test_finance_v3" name="test_mortgage_scenarios" time="8.289" /><testcase classname="backend.tests.test_investments_crud.TestAuthFlat" name="test_login_flat_shape" time="0.828" /><testcase classname="backend.tests.test_investments_crud.TestInvestmentCreateValidation" name="test_post_rejects_negative_balance" time="0.098" /><testcase classname="backend.tests.test_investments_crud.TestInvestmentCreateValidation" name="test_post_rejects_negative_contribution" time="0.141" /><testcase classname="backend.tests.test_investments_crud.TestInvestmentCreateValidation" name="test_post_extended_fields_persist" time="0.342" /><testcase classname="backend.tests.test_investments_crud.TestInvestmentUpdate" name="test_put_updates_all_new_fields" time="0.714" /><testcase classname="backend.tests.test_investments_crud.TestInvestmentUpdate" name="test_put_rejects_negative_balance" time="0.282" /><testcase classname="backend.tests.test_investments_crud.TestInvestmentUpdate" name="test_put_rejects_negative_contribution" time="0.294" /><testcase classname="backend.tests.test_investments_crud.TestInvestmentUpdate" name="test_put_returns_404_when_not_found" time="0.103" /><testcase classname="backend.tests.test_investments_crud.TestInvestmentDelete" name="test_delete_removes_account_and_updates_portfolio" time="0.656" /><testcase classname="backend.tests.test_investments_crud.TestPensionAndGrowthOverride" name="test_pension_account_projects_with_default_zero_growth" time="0.286" /><testcase classname="backend.tests.test_investments_crud.TestPensionAndGrowthOverride" name="test_growth_rate_override_used_when_set" time="0.304" /><testcase classname="backend.tests.test_investments_crud.TestPensionAndGrowthOverride" name="test_default_growth_rate_falls_back_when_override_absent" time="0.309" /><testcase classname="backend.tests.test_investments_crud.TestInvestmentSummary" name="test_summary_shape" time="0.098" /><testcase classname="backend.tests.test_investments_crud.TestInvestmentSummary" name="test_summary_consistent_with_portfolio" time="0.366" /><testcase classname="backend.tests.test_investments_module.TestAuth" name="test_login_returns_jwt" time="0.356" /><testcase classname="backend.tests.test_investments_module.TestInvestmentsPortfolio" name="test_portfolio_shape" time="0.436" /><testcase classname="backend.tests.test_investments_module.TestReadinessGate" name="test_readiness_gate_shape" time="0.102" /><testcase classname="backend.tests.test_investments_module.TestOpportunities" name="test_opportunities_ranked" time="0.103" /><testcase classname="backend.tests.test_investments_module.TestMarketReadiness" name="test_market_readiness_shape" time="0.100" /><testcase classname="backend.tests.test_investments_module.TestSocialSecurity" name="test_social_security_estimates" time="0.091" /><testcase classname="backend.tests.test_investments_module.TestContributionOptimizer" name="test_contribution_optimizer" time="16.906" /><testcase classname="backend.tests.test_investments_module.TestRegressionCore" name="test_dashboard" time="0.160" /><testcase classname="backend.tests.test_investments_module.TestRegressionCore" name="test_alerts" time="0.098" /><testcase classname="backend.tests.test_investments_module.TestRegressionCore" name="test_daily_advice" time="0.095" /><testcase classname="backend.tests.test_investments_module.TestRegressionFinanceCareer" name="test_income_list" time="0.106" /><testcase classname="backend.tests.test_investments_module.TestRegressionFinanceCareer" name="test_expenses_list" time="0.092" /><testcase classname="backend.tests.test_investments_module.TestRegressionFinanceCareer" name="test_debts_list" time="0.095" /><testcase classname="backend.tests.test_investments_module.TestRegressionFinanceCareer" name="test_payoff_plan" time="0.114" /><testcase classname="backend.tests.test_investments_module.TestRegressionFinanceCareer" name="test_career_profile" time="0.109" /><testcase classname="backend.tests.test_investments_module.TestRegressionFinanceCareer" name="test_career_pipeline" time="0.099" /><testcase classname="backend.tests.test_investments_module.TestRegressionFinanceCareer" name="test_job_applications" time="0.093" /><testcase classname="backend.tests.test_local_module.TestWeather" name="test_weather_default_atlanta" time="0.976" /><testcase classname="backend.tests.test_local_module.TestWeather" name="test_weather_explicit_coords_no_default_flag" time="0.387" /><testcase classname="backend.tests.test_local_module.TestWeather" name="test_weather_invalid_coords_no_500" time="0.257" /><testcase classname="backend.tests.test_local_module.TestNearby" name="test_nearby_returns_seeded_atlanta" time="0.059" /><testcase classname="backend.tests.test_local_module.TestNearby" name="test_preferences_update_flips_mocked_when_key_set" time="0.207" /><testcase classname="backend.tests.test_local_module.TestNearby" name="test_preferences_cuisine_change" time="0.134" /><testcase classname="backend.tests.test_local_module.TestGas" name="test_gas_sorted_by_price" time="0.049" /><testcase classname="backend.tests.test_local_module.TestRecalls" name="test_food_recalls_live_or_graceful" time="0.467" /><testcase classname="backend.tests.test_local_module.TestRecalls" name="test_product_recalls_live_or_graceful" time="0.679" /><testcase classname="backend.tests.test_local_module.TestRecalls" name="test_vehicle_recalls_2015_rav4" time="0.149" /><testcase classname="backend.tests.test_local_module.TestFamily" name="test_family_seeded" time="0.046" /><testcase classname="backend.tests.test_local_module.TestFamily" name="test_family_invite_returns_link" time="0.053" /><testcase classname="backend.tests.test_local_module.TestFamily" name="test_family_invite_requires_name" time="0.044" /><testcase classname="backend.tests.test_local_module.TestFamily" name="test_pause_toggle_persists" time="0.180" /><testcase classname="backend.tests.test_local_module.TestSatelliteAndMaps" name="test_satellite_status" time="0.045" /><testcase classname="backend.tests.test_local_module.TestSatelliteAndMaps" name="test_offline_maps_two_regions" time="0.045" /><testcase classname="backend.tests.test_local_module.TestSOS" name="test_sos_persist_and_history" time="0.095" /><testcase classname="backend.tests.test_local_module.TestRegression" name="test_dashboard_alive" time="0.052" /><testcase classname="backend.tests.test_local_module.TestRegression" name="test_finance_summary_alive" time="0.044" /><testcase classname="backend.tests.test_local_module.TestRegression" name="test_security_alive" time="0.046" /><testcase classname="backend.tests.test_plos_api" name="test_health_root" time="0.117" /><testcase classname="backend.tests.test_plos_api" name="test_register_returns_token" time="0.267" /><testcase classname="backend.tests.test_plos_api" name="test_register_duplicate_rejected" time="0.048" /><testcase classname="backend.tests.test_plos_api" name="test_login_existing" time="0.273" /><testcase classname="backend.tests.test_plos_api" name="test_login_wrong_password" time="0.266" /><testcase classname="backend.tests.test_plos_api" name="test_me_requires_auth" time="0.052" /><testcase classname="backend.tests.test_plos_api" name="test_me_returns_profile" time="0.048" /><testcase classname="backend.tests.test_plos_api" name="test_seed_demo" time="0.066" /><testcase classname="backend.tests.test_plos_api" name="test_dashboard" time="0.052" /><testcase classname="backend.tests.test_plos_api" name="test_crud_resources[income-create_payload0-income_id]" time="0.230" /><testcase classname="backend.tests.test_plos_api" name="test_crud_resources[expenses-create_payload1-expense_id]" time="0.225" /><testcase classname="backend.tests.test_plos_api" name="test_crud_resources[debts-create_payload2-debt_id]" time="0.317" /><testcase classname="backend.tests.test_plos_api" name="test_crud_resources[assets-create_payload3-asset_id]" time="0.286" /><testcase classname="backend.tests.test_plos_api" name="test_crud_resources[investments-create_payload4-investment_id]" time="0.266" /><testcase classname="backend.tests.test_plos_api" name="test_crud_resources[job-applications-create_payload5-application_id]" time="0.261" /><testcase classname="backend.tests.test_plos_api" name="test_career_get_put" time="0.091" /><testcase classname="backend.tests.test_plos_api" name="test_health_profile_get_put" time="0.098" /><testcase classname="backend.tests.test_plos_api" name="test_ai_decisions_list" time="0.053" /><testcase classname="backend.tests.test_plos_api" name="test_ai_advice_finance" time="6.796" /><testcase classname="backend.tests.test_plos_api" name="test_chat_and_history" time="9.861" /><testcase classname="backend.tests.test_plos_api" name="test_endpoints_require_auth[/dashboard]" time="0.043" /><testcase classname="backend.tests.test_plos_api" name="test_endpoints_require_auth[/income]" time="0.055" /><testcase classname="backend.tests.test_plos_api" name="test_endpoints_require_auth[/expenses]" time="0.046" /><testcase classname="backend.tests.test_plos_api" name="test_endpoints_require_auth[/debts]" time="0.049" /><testcase classname="backend.tests.test_plos_api" name="test_endpoints_require_auth[/assets]" time="0.045" /><testcase classname="backend.tests.test_plos_api" name="test_endpoints_require_auth[/investments]" time="0.045" /><testcase classname="backend.tests.test_plos_api" name="test_endpoints_require_auth[/career]" time="0.067" /><testcase classname="backend.tests.test_plos_api" name="test_endpoints_require_auth[/health-profile]" time="0.054" /><testcase classname="backend.tests.test_plos_api" name="test_endpoints_require_auth[/ai-decisions]" time="0.052" /><testcase classname="backend.tests.test_plos_api" name="test_endpoints_require_auth[/chat/history]" time="0.058" /><testcase classname="backend.tests.test_security_module.TestSecurityOverview" name="test_overview_shape_and_stats" time="0.705" /><testcase classname="backend.tests.test_security_module.TestBrokers" name="test_list_brokers_distribution" time="0.105" /><testcase classname="backend.tests.test_security_module.TestBrokers" name="test_rescan_updates_last_scanned" time="0.298" /><testcase classname="backend.tests.test_security_module.TestBrokers" name="test_opt_out_letter_get" time="0.194" /><testcase classname="backend.tests.test_security_module.TestBrokers" name="test_opt_out_submit_transitions_status" time="0.530" /><testcase classname="backend.tests.test_security_module.TestBrokers" name="test_opt_out_404_bad_id" time="0.101" /><testcase classname="backend.tests.test_security_module.TestBrokers" name="test_opt_out_letter_404_bad_id" time="0.120" /><testcase classname="backend.tests.test_security_module.TestCredit" name="test_get_credit_shape" time="0.096" /><testcase classname="backend.tests.test_security_module.TestCredit" name="test_put_credit_out_of_range" time="0.098" /><testcase classname="backend.tests.test_security_module.TestCredit" name="test_put_credit_partial_flips_is_demo" time="0.412" /><testcase classname="backend.tests.test_security_module.TestCredit" name="test_refresh_tip_and_cache" time="6.371" /><testcase classname="backend.tests.test_security_module.TestBreach" name="test_get_breach_demo" time="0.108" /><testcase classname="backend.tests.test_security_module.TestBreach" name="test_hibp_key_toggle" time="0.388" /><testcase classname="backend.tests.test_security_module.TestBreach" name="test_resolve_breach" time="0.296" /><testcase classname="backend.tests.test_security_module.TestBreach" name="test_resolve_breach_404" time="0.095" /><testcase classname="backend.tests.test_security_module.TestIdentityTheftGuide" name="test_get_guide_steps" time="0.101" /><testcase classname="backend.tests.test_security_module.TestIdentityTheftGuide" name="test_check_step_persists" time="0.414" /><testcase classname="backend.tests.test_security_module.TestIdentityTheftGuide" name="test_check_step_missing_step_id" time="0.093" /></testsuite></testsuites>