<?xml version="1.0" encoding="utf-8"?><testsuites name="pytest tests"><testsuite name="pytest" errors="2" failures="0" skipped="0" tests="30" time="13.616" timestamp="2026-06-26T14:19:54.740889+00:00" hostname="agent-env-857aff2e-26d2-4e70-b1c5-49b94335bbc7"><testcase classname="backend.tests.test_plos_api" name="test_health_root" time="0.249" /><testcase classname="backend.tests.test_plos_api" name="test_register_returns_token" time="0.055"><error message="failed on setup with &quot;AssertionError: register failed: {&quot;detail&quot;:[{&quot;type&quot;:&quot;value_error&quot;,&quot;loc&quot;:[&quot;body&quot;,&quot;email&quot;],&quot;msg&quot;:&quot;value is not a valid email address: The part after the @-sign is a special-use or reserved name that cannot be used with email.&quot;,&quot;input&quot;:&quot;TEST_744cf90b20@plos.test&quot;,&quot;ctx&quot;:{&quot;reason&quot;:&quot;The part after the @-sign is a special-use or reserved name that cannot be used with email.&quot;}}]}&#10;assert 422 == 200&#10; +  where 422 = &lt;Response [422]&gt;.status_code&quot;">backend/tests/test_plos_api.py:41: in fresh_user
    assert r.status_code == 200, f"register failed: {r.text}"
E   AssertionError: register failed: {"detail":[{"type":"value_error","loc":["body","email"],"msg":"value is not a valid email address: The part after the @-sign is a special-use or reserved name that cannot be used with email.","input":"TEST_744cf90b20@plos.test","ctx":{"reason":"The part after the @-sign is a special-use or reserved name that cannot be used with email."}}]}
E   assert 422 == 200
E    +  where 422 = &lt;Response [422]&gt;.status_code</error></testcase><testcase classname="backend.tests.test_plos_api" name="test_register_duplicate_rejected" time="0.000"><error message="failed on setup with &quot;AssertionError: register failed: {&quot;detail&quot;:[{&quot;type&quot;:&quot;value_error&quot;,&quot;loc&quot;:[&quot;body&quot;,&quot;email&quot;],&quot;msg&quot;:&quot;value is not a valid email address: The part after the @-sign is a special-use or reserved name that cannot be used with email.&quot;,&quot;input&quot;:&quot;TEST_744cf90b20@plos.test&quot;,&quot;ctx&quot;:{&quot;reason&quot;:&quot;The part after the @-sign is a special-use or reserved name that cannot be used with email.&quot;}}]}&#10;assert 422 == 200&#10; +  where 422 = &lt;Response [422]&gt;.status_code&quot;">backend/tests/test_plos_api.py:41: in fresh_user
    assert r.status_code == 200, f"register failed: {r.text}"
E   AssertionError: register failed: {"detail":[{"type":"value_error","loc":["body","email"],"msg":"value is not a valid email address: The part after the @-sign is a special-use or reserved name that cannot be used with email.","input":"TEST_744cf90b20@plos.test","ctx":{"reason":"The part after the @-sign is a special-use or reserved name that cannot be used with email."}}]}
E   assert 422 == 200
E    +  where 422 = &lt;Response [422]&gt;.status_code</error></testcase><testcase classname="backend.tests.test_plos_api" name="test_login_existing" time="0.277" /><testcase classname="backend.tests.test_plos_api" name="test_login_wrong_password" time="0.270" /><testcase classname="backend.tests.test_plos_api" name="test_me_requires_auth" time="0.049" /><testcase classname="backend.tests.test_plos_api" name="test_me_returns_profile" time="0.059" /><testcase classname="backend.tests.test_plos_api" name="test_seed_demo" time="0.062" /><testcase classname="backend.tests.test_plos_api" name="test_dashboard" time="0.055" /><testcase classname="backend.tests.test_plos_api" name="test_crud_resources[income-create_payload0-income_id]" time="0.266" /><testcase classname="backend.tests.test_plos_api" name="test_crud_resources[expenses-create_payload1-expense_id]" time="0.267" /><testcase classname="backend.tests.test_plos_api" name="test_crud_resources[debts-create_payload2-debt_id]" time="0.256" /><testcase classname="backend.tests.test_plos_api" name="test_crud_resources[assets-create_payload3-asset_id]" time="0.248" /><testcase classname="backend.tests.test_plos_api" name="test_crud_resources[investments-create_payload4-investment_id]" time="0.251" /><testcase classname="backend.tests.test_plos_api" name="test_crud_resources[job-applications-create_payload5-application_id]" time="0.252" /><testcase classname="backend.tests.test_plos_api" name="test_career_get_put" time="0.113" /><testcase classname="backend.tests.test_plos_api" name="test_health_profile_get_put" time="0.130" /><testcase classname="backend.tests.test_plos_api" name="test_ai_decisions_list" time="0.053" /><testcase classname="backend.tests.test_plos_api" name="test_ai_advice_finance" time="4.962" /><testcase classname="backend.tests.test_plos_api" name="test_chat_and_history" time="5.103" /><testcase classname="backend.tests.test_plos_api" name="test_endpoints_require_auth[/dashboard]" time="0.051" /><testcase classname="backend.tests.test_plos_api" name="test_endpoints_require_auth[/income]" time="0.052" /><testcase classname="backend.tests.test_plos_api" name="test_endpoints_require_auth[/expenses]" time="0.051" /><testcase classname="backend.tests.test_plos_api" name="test_endpoints_require_auth[/debts]" time="0.060" /><testcase classname="backend.tests.test_plos_api" name="test_endpoints_require_auth[/assets]" time="0.055" /><testcase classname="backend.tests.test_plos_api" name="test_endpoints_require_auth[/investments]" time="0.055" /><testcase classname="backend.tests.test_plos_api" name="test_endpoints_require_auth[/career]" time="0.052" /><testcase classname="backend.tests.test_plos_api" name="test_endpoints_require_auth[/health-profile]" time="0.054" /><testcase classname="backend.tests.test_plos_api" name="test_endpoints_require_auth[/ai-decisions]" time="0.050" /><testcase classname="backend.tests.test_plos_api" name="test_endpoints_require_auth[/chat/history]" time="0.050" /></testsuite></testsuites>