<?xml version="1.0" encoding="utf-8"?><testsuites name="pytest tests"><testsuite name="pytest" errors="0" failures="0" skipped="0" tests="18" time="8.293" timestamp="2026-06-26T17:44:05.355705+00:00" hostname="agent-env-857aff2e-26d2-4e70-b1c5-49b94335bbc7"><testcase classname="backend.tests.test_security_module.TestSecurityOverview" name="test_overview_shape_and_stats" time="0.832" /><testcase classname="backend.tests.test_security_module.TestBrokers" name="test_list_brokers_distribution" time="0.104" /><testcase classname="backend.tests.test_security_module.TestBrokers" name="test_rescan_updates_last_scanned" time="0.377" /><testcase classname="backend.tests.test_security_module.TestBrokers" name="test_opt_out_letter_get" time="0.261" /><testcase classname="backend.tests.test_security_module.TestBrokers" name="test_opt_out_submit_transitions_status" time="0.584" /><testcase classname="backend.tests.test_security_module.TestBrokers" name="test_opt_out_404_bad_id" time="0.100" /><testcase classname="backend.tests.test_security_module.TestBrokers" name="test_opt_out_letter_404_bad_id" time="0.115" /><testcase classname="backend.tests.test_security_module.TestCredit" name="test_get_credit_shape" time="0.098" /><testcase classname="backend.tests.test_security_module.TestCredit" name="test_put_credit_out_of_range" time="0.095" /><testcase classname="backend.tests.test_security_module.TestCredit" name="test_put_credit_partial_flips_is_demo" time="0.395" /><testcase classname="backend.tests.test_security_module.TestCredit" name="test_refresh_tip_and_cache" time="3.570" /><testcase classname="backend.tests.test_security_module.TestBreach" name="test_get_breach_demo" time="0.101" /><testcase classname="backend.tests.test_security_module.TestBreach" name="test_hibp_key_toggle" time="0.425" /><testcase classname="backend.tests.test_security_module.TestBreach" name="test_resolve_breach" time="0.300" /><testcase classname="backend.tests.test_security_module.TestBreach" name="test_resolve_breach_404" time="0.095" /><testcase classname="backend.tests.test_security_module.TestIdentityTheftGuide" name="test_get_guide_steps" time="0.089" /><testcase classname="backend.tests.test_security_module.TestIdentityTheftGuide" name="test_check_step_persists" time="0.550" /><testcase classname="backend.tests.test_security_module.TestIdentityTheftGuide" name="test_check_step_missing_step_id" time="0.097" /></testsuite></testsuites>