<?xml version="1.0" encoding="utf-8"?><testsuites name="pytest tests"><testsuite name="pytest" errors="0" failures="0" skipped="0" tests="18" time="1.556" timestamp="2026-07-03T18:16:14.823524+00:00" hostname="agent-env-857aff2e-26d2-4e70-b1c5-49b94335bbc7"><testcase classname="backend.tests.test_plos_wrap_up.TestSnapshotFusion" name="test_structure_and_plaid_totals" time="0.520" /><testcase classname="backend.tests.test_plos_wrap_up.TestMonthlySummary" name="test_generate_monthly_summary" time="0.053" /><testcase classname="backend.tests.test_plos_wrap_up.TestMonthlySummary" name="test_cached_monthly_summary" time="0.089" /><testcase classname="backend.tests.test_plos_wrap_up.TestMonthlySummary" name="test_list_monthly_summaries" time="0.043" /><testcase classname="backend.tests.test_plos_wrap_up.TestAlertSettings" name="test_default_settings_created_on_first_get" time="0.090" /><testcase classname="backend.tests.test_plos_wrap_up.TestAlertSettings" name="test_update_settings_patch" time="0.132" /><testcase classname="backend.tests.test_plos_wrap_up.TestAlertHistory" name="test_alert_history_shape" time="0.047" /><testcase classname="backend.tests.test_plos_wrap_up.TestPregen" name="test_trigger_now_all_four_tasks" time="0.091" /><testcase classname="backend.tests.test_plos_wrap_up.TestPregen" name="test_pregen_log_lists_previous_runs" time="0.045" /><testcase classname="backend.tests.test_plos_wrap_up.TestSchedulerRegistered" name="test_scheduler_started_log_present" time="0.004" /><testcase classname="backend.tests.test_plos_wrap_up.TestRegression" name="test_plaid_status" time="0.041" /><testcase classname="backend.tests.test_plos_wrap_up.TestRegression" name="test_plaid_items" time="0.045" /><testcase classname="backend.tests.test_plos_wrap_up.TestRegression" name="test_plaid_summary" time="0.050" /><testcase classname="backend.tests.test_plos_wrap_up.TestRegression" name="test_plaid_transactions" time="0.047" /><testcase classname="backend.tests.test_plos_wrap_up.TestRegression" name="test_plaid_categorize" time="0.043" /><testcase classname="backend.tests.test_plos_wrap_up.TestRegression" name="test_plaid_cashflow_forecast" time="0.053" /><testcase classname="backend.tests.test_plos_wrap_up.TestRegression" name="test_plaid_fraud_scan" time="0.049" /><testcase classname="backend.tests.test_plos_wrap_up.TestRegression" name="test_plaid_cache_stats" time="0.044" /></testsuite></testsuites>